{"meta": {"format": 3, "version": "7.10.6", "timestamp": "2025-09-18T11:43:09.562396", "branch_coverage": true, "show_contexts": false}, "files": {"mlserver/__init__.py": {"executed_lines": [2, 5], "summary": {"covered_lines": 2, "num_statements": 2, "percent_covered": 100.0, "percent_covered_display": "100", "missing_lines": 0, "excluded_lines": 0, "num_branches": 0, "num_partial_branches": 0, "covered_branches": 0, "missing_branches": 0}, "missing_lines": [], "excluded_lines": [], "executed_branches": [], "missing_branches": [], "functions": {"": {"executed_lines": [2, 5], "summary": {"covered_lines": 2, "num_statements": 2, "percent_covered": 100.0, "percent_covered_display": "100", "missing_lines": 0, "excluded_lines": 0, "num_branches": 0, "num_partial_branches": 0, "covered_branches": 0, "missing_branches": 0}, "missing_lines": [], "excluded_lines": [], "executed_branches": [], "missing_branches": []}}, "classes": {"": {"executed_lines": [2, 5], "summary": {"covered_lines": 2, "num_statements": 2, "percent_covered": 100.0, "percent_covered_display": "100", "missing_lines": 0, "excluded_lines": 0, "num_branches": 0, "num_partial_branches": 0, "covered_branches": 0, "missing_branches": 0}, "missing_lines": [], "excluded_lines": [], "executed_branches": [], "missing_branches": []}}}, "mlserver/adapters.py": {"executed_lines": [2, 3, 4, 5, 8, 9, 14, 16, 17, 20, 53, 59, 68, 111, 132, 162, 195, 210], "summary": {"covered_lines": 17, "num_statements": 118, "percent_covered": 9.042553191489361, "percent_covered_display": "9", "missing_lines": 101, "excluded_lines": 1, "num_branches": 70, "num_partial_branches": 0, "covered_branches": 0, "missing_branches": 70}, "missing_lines": [26, 27, 29, 30, 33, 36, 37, 38, 41, 42, 45, 47, 49, 50, 56, 61, 81, 82, 85, 86, 88, 89, 90, 91, 94, 95, 96, 97, 103, 108, 113, 114, 117, 118, 121, 122, 125, 126, 129, 135, 136, 137, 138, 139, 141, 142, 147, 148, 151, 152, 153, 154, 156, 157, 159, 165, 166, 167, 168, 169, 170, 171, 172, 173, 176, 177, 179, 185, 187, 192, 197, 198, 200, 201, 204, 207, 233, 234, 237, 238, 239, 240, 242, 243, 244, 245, 247, 249, 250, 253, 254, 256, 257, 259, 260, 262, 263, 264, 265, 266, 268], "excluded_lines": [9], "executed_branches": [], "missing_branches": [[26, 27], [26, 29], [29, 30], [29, 33], [36, 37], [36, 41], [45, 47], [45, 49], [81, 82], [81, 85], [88, 89], [88, 90], [90, 91], [90, 94], [94, 95], [94, 103], [96, 94], [96, 97], [113, 114], [113, 117], [117, 118], [117, 121], [121, 122], [121, 125], [125, 126], [125, 129], [136, 137], [136, 141], [138, 139], [138, 141], [141, 142], [141, 147], [147, 148], [147, 151], [156, 157], [156, 159], [165, 166], [165, 167], [167, 168], [167, 169], [169, 170], [169, 171], [171, 172], [171, 173], [173, 176], [173, 187], [177, 179], [177, 185], [197, 198], [197, 200], [200, 201], [200, 204], [237, 238], [237, 253], [239, 240], [239, 249], [242, 243], [242, 250], [244, 245], [244, 247], [253, 254], [253, 256], [256, 257], [256, 259], [259, 260], [259, 262], [262, 263], [262, 264], [264, 265], [264, 268]], "functions": {"_get_cached_feature_order": {"executed_lines": [], "summary": {"covered_lines": 0, "num_statements": 14, "percent_covered": 0.0, "percent_covered_display": "0", "missing_lines": 14, "excluded_lines": 0, "num_branches": 8, "num_partial_branches": 0, "covered_branches": 0, "missing_branches": 8}, "missing_lines": [26, 27, 29, 30, 33, 36, 37, 38, 41, 42, 45, 47, 49, 50], "excluded_lines": [], "executed_branches": [], "missing_branches": [[26, 27], [26, 29], [29, 30], [29, 33], [36, 37], [36, 41], [45, 47], [45, 49]]}, "clear_feature_cache": {"executed_lines": [], "summary": {"covered_lines": 0, "num_statements": 1, "percent_covered": 0.0, "percent_covered_display": "0", "missing_lines": 1, "excluded_lines": 0, "num_branches": 0, "num_partial_branches": 0, "covered_branches": 0, "missing_branches": 0}, "missing_lines": [56], "excluded_lines": [], "executed_branches": [], "missing_branches": []}, "get_cache_info": {"executed_lines": [], "summary": {"covered_lines": 0, "num_statements": 1, "percent_covered": 0.0, "percent_covered_display": "0", "missing_lines": 1, "excluded_lines": 0, "num_branches": 0, "num_partial_branches": 0, "covered_branches": 0, "missing_branches": 0}, "missing_lines": [61], "excluded_lines": [], "executed_branches": [], "missing_branches": []}, "_records_to_numpy_fast": {"executed_lines": [], "summary": {"covered_lines": 0, "num_statements": 14, "percent_covered": 0.0, "percent_covered_display": "0", "missing_lines": 14, "excluded_lines": 0, "num_branches": 10, "num_partial_branches": 0, "covered_branches": 0, "missing_branches": 10}, "missing_lines": [81, 82, 85, 86, 88, 89, 90, 91, 94, 95, 96, 97, 103, 108], "excluded_lines": [], "executed_branches": [], "missing_branches": [[81, 82], [81, 85], [88, 89], [88, 90], [90, 91], [90, 94], [94, 95], [94, 103], [96, 94], [96, 97]]}, "_infer_adapter_type": {"executed_lines": [], "summary": {"covered_lines": 0, "num_statements": 9, "percent_covered": 0.0, "percent_covered_display": "0", "missing_lines": 9, "excluded_lines": 0, "num_branches": 8, "num_partial_branches": 0, "covered_branches": 0, "missing_branches": 8}, "missing_lines": [113, 114, 117, 118, 121, 122, 125, 126, 129], "excluded_lines": [], "executed_branches": [], "missing_branches": [[113, 114], [113, 117], [117, 118], [117, 121], [121, 122], [121, 125], [125, 126], [125, 129]]}, "_extract_ndarray_data": {"executed_lines": [], "summary": {"covered_lines": 0, "num_statements": 16, "percent_covered": 0.0, "percent_covered_display": "0", "missing_lines": 16, "excluded_lines": 0, "num_branches": 10, "num_partial_branches": 0, "covered_branches": 0, "missing_branches": 10}, "missing_lines": [135, 136, 137, 138, 139, 141, 142, 147, 148, 151, 152, 153, 154, 156, 157, 159], "excluded_lines": [], "executed_branches": [], "missing_branches": [[136, 137], [136, 141], [138, 139], [138, 141], [141, 142], [141, 147], [147, 148], [147, 151], [156, 157], [156, 159]]}, "_extract_records_data": {"executed_lines": [], "summary": {"covered_lines": 0, "num_statements": 15, "percent_covered": 0.0, "percent_covered_display": "0", "missing_lines": 15, "excluded_lines": 0, "num_branches": 12, "num_partial_branches": 0, "covered_branches": 0, "missing_branches": 12}, "missing_lines": [165, 166, 167, 168, 169, 170, 171, 172, 173, 176, 177, 179, 185, 187, 192], "excluded_lines": [], "executed_branches": [], "missing_branches": [[165, 166], [165, 167], [167, 168], [167, 169], [169, 170], [169, 171], [171, 172], [171, 173], [173, 176], [173, 187], [177, 179], [177, 185]]}, "_process_records_to_array": {"executed_lines": [], "summary": {"covered_lines": 0, "num_statements": 6, "percent_covered": 0.0, "percent_covered_display": "0", "missing_lines": 6, "excluded_lines": 0, "num_branches": 4, "num_partial_branches": 0, "covered_branches": 0, "missing_branches": 4}, "missing_lines": [197, 198, 200, 201, 204, 207], "excluded_lines": [], "executed_branches": [], "missing_branches": [[197, 198], [197, 200], [200, 201], [200, 204]]}, "to_ndarray": {"executed_lines": [], "summary": {"covered_lines": 0, "num_statements": 25, "percent_covered": 0.0, "percent_covered_display": "0", "missing_lines": 25, "excluded_lines": 0, "num_branches": 18, "num_partial_branches": 0, "covered_branches": 0, "missing_branches": 18}, "missing_lines": [233, 234, 237, 238, 239, 240, 242, 243, 244, 245, 247, 249, 250, 253, 254, 256, 257, 259, 260, 262, 263, 264, 265, 266, 268], "excluded_lines": [], "executed_branches": [], "missing_branches": [[237, 238], [237, 253], [239, 240], [239, 249], [242, 243], [242, 250], [244, 245], [244, 247], [253, 254], [253, 256], [256, 257], [256, 259], [259, 260], [259, 262], [262, 263], [262, 264], [264, 265], [264, 268]]}, "": {"executed_lines": [2, 3, 4, 5, 8, 9, 14, 16, 17, 20, 53, 59, 68, 111, 132, 162, 195, 210], "summary": {"covered_lines": 17, "num_statements": 17, "percent_covered": 100.0, "percent_covered_display": "100", "missing_lines": 0, "excluded_lines": 1, "num_branches": 0, "num_partial_branches": 0, "covered_branches": 0, "missing_branches": 0}, "missing_lines": [], "excluded_lines": [9], "executed_branches": [], "missing_branches": []}}, "classes": {"AdapterError": {"executed_lines": [], "summary": {"covered_lines": 0, "num_statements": 0, "percent_covered": 100.0, "percent_covered_display": "100", "missing_lines": 0, "excluded_lines": 0, "num_branches": 0, "num_partial_branches": 0, "covered_branches": 0, "missing_branches": 0}, "missing_lines": [], "excluded_lines": [], "executed_branches": [], "missing_branches": []}, "": {"executed_lines": [2, 3, 4, 5, 8, 9, 14, 16, 17, 20, 53, 59, 68, 111, 132, 162, 195, 210], "summary": {"covered_lines": 17, "num_statements": 118, "percent_covered": 9.042553191489361, "percent_covered_display": "9", "missing_lines": 101, "excluded_lines": 1, "num_branches": 70, "num_partial_branches": 0, "covered_branches": 0, "missing_branches": 70}, "missing_lines": [26, 27, 29, 30, 33, 36, 37, 38, 41, 42, 45, 47, 49, 50, 56, 61, 81, 82, 85, 86, 88, 89, 90, 91, 94, 95, 96, 97, 103, 108, 113, 114, 117, 118, 121, 122, 125, 126, 129, 135, 136, 137, 138, 139, 141, 142, 147, 148, 151, 152, 153, 154, 156, 157, 159, 165, 166, 167, 168, 169, 170, 171, 172, 173, 176, 177, 179, 185, 187, 192, 197, 198, 200, 201, 204, 207, 233, 234, 237, 238, 239, 240, 242, 243, 244, 245, 247, 249, 250, 253, 254, 256, 257, 259, 260, 262, 263, 264, 265, 266, 268], "excluded_lines": [9], "executed_branches": [], "missing_branches": [[26, 27], [26, 29], [29, 30], [29, 33], [36, 37], [36, 41], [45, 47], [45, 49], [81, 82], [81, 85], [88, 89], [88, 90], [90, 91], [90, 94], [94, 95], [94, 103], [96, 94], [96, 97], [113, 114], [113, 117], [117, 118], [117, 121], [121, 122], [121, 125], [125, 126], [125, 129], [136, 137], [136, 141], [138, 139], [138, 141], [141, 142], [141, 147], [147, 148], [147, 151], [156, 157], [156, 159], [165, 166], [165, 167], [167, 168], [167, 169], [169, 170], [169, 171], [171, 172], [171, 173], [173, 176], [173, 187], [177, 179], [177, 185], [197, 198], [197, 200], [200, 201], [200, 204], [237, 238], [237, 253], [239, 240], [239, 249], [242, 243], [242, 250], [244, 245], [244, 247], [253, 254], [253, 256], [256, 257], [256, 259], [259, 260], [259, 262], [262, 263], [262, 264], [264, 265], [264, 268]]}}}, "mlserver/ainit/__init__.py": {"executed_lines": [], "summary": {"covered_lines": 0, "num_statements": 8, "percent_covered": 0.0, "percent_covered_display": "0", "missing_lines": 8, "excluded_lines": 0, "num_branches": 0, "num_partial_branches": 0, "covered_branches": 0, "missing_branches": 0}, "missing_lines": [9, 10, 11, 12, 13, 14, 17, 19], "excluded_lines": [], "executed_branches": [], "missing_branches": [], "functions": {"": {"executed_lines": [], "summary": {"covered_lines": 0, "num_statements": 8, "percent_covered": 0.0, "percent_covered_display": "0", "missing_lines": 8, "excluded_lines": 0, "num_branches": 0, "num_partial_branches": 0, "covered_branches": 0, "missing_branches": 0}, "missing_lines": [9, 10, 11, 12, 13, 14, 17, 19], "excluded_lines": [], "executed_branches": [], "missing_branches": []}}, "classes": {"": {"executed_lines": [], "summary": {"covered_lines": 0, "num_statements": 8, "percent_covered": 0.0, "percent_covered_display": "0", "missing_lines": 8, "excluded_lines": 0, "num_branches": 0, "num_partial_branches": 0, "covered_branches": 0, "missing_branches": 0}, "missing_lines": [9, 10, 11, 12, 13, 14, 17, 19], "excluded_lines": [], "executed_branches": [], "missing_branches": []}}}, "mlserver/ainit/analyzer.py": {"executed_lines": [], "summary": {"covered_lines": 0, "num_statements": 188, "percent_covered": 0.0, "percent_covered_display": "0", "missing_lines": 188, "excluded_lines": 2, "num_branches": 102, "num_partial_branches": 0, "covered_branches": 0, "missing_branches": 102}, "missing_lines": [5, 6, 7, 8, 9, 10, 12, 13, 16, 17, 21, 22, 23, 26, 27, 30, 31, 32, 35, 36, 39, 40, 41, 44, 47, 48, 51, 55, 83, 92, 102, 110, 111, 113, 115, 117, 118, 121, 124, 125, 126, 127, 128, 131, 132, 135, 136, 139, 140, 141, 142, 144, 146, 148, 150, 151, 152, 154, 156, 159, 162, 165, 168, 171, 174, 176, 178, 179, 180, 181, 182, 183, 184, 185, 186, 187, 188, 189, 193, 196, 206, 207, 208, 209, 212, 220, 221, 222, 224, 226, 227, 228, 229, 231, 233, 234, 235, 237, 238, 239, 240, 241, 242, 247, 248, 251, 254, 261, 262, 263, 265, 266, 268, 271, 272, 274, 275, 276, 278, 279, 281, 283, 285, 286, 289, 290, 291, 292, 295, 296, 297, 298, 301, 302, 303, 304, 306, 309, 310, 313, 314, 316, 317, 318, 319, 320, 321, 322, 324, 327, 340, 341, 342, 343, 344, 345, 346, 349, 350, 351, 353, 355, 358, 359, 360, 362, 365, 366, 368, 369, 371, 372, 374, 376, 377, 380, 381, 384, 385, 388, 389, 392, 393, 396, 397, 400, 401, 403], "excluded_lines": [191, 249], "executed_branches": [], "missing_branches": [[117, 118], [117, 121], [135, 136], [135, 139], [150, 151], [150, 154], [151, 150], [151, 152], [180, -176], [180, 181], [181, 182], [181, 184], [182, 180], [182, 183], [184, 180], [184, 185], [185, 180], [185, 186], [187, 180], [187, 188], [206, 207], [206, 212], [207, 206], [207, 208], [220, -193], [220, 221], [226, -224], [226, 227], [227, 226], [227, 228], [233, -231], [233, 234], [235, 233], [235, 237], [239, 233], [239, 240], [240, 239], [240, 241], [241, 239], [241, 242], [261, -251], [261, 262], [263, 261], [263, 265], [274, -268], [274, 275], [276, -268], [276, 278], [285, 286], [285, 309], [289, 290], [289, 295], [290, 289], [290, 291], [291, 290], [291, 292], [295, 296], [295, 301], [296, 295], [296, 297], [297, 296], [297, 298], [302, 303], [302, 306], [303, 302], [303, 304], [309, -281], [309, 310], [316, -281], [316, 317], [317, 318], [317, 320], [320, 316], [320, 321], [341, 342], [341, 349], [343, 341], [343, 344], [345, 341], [345, 346], [358, 359], [358, 365], [359, 360], [359, 362], [365, 366], [365, 368], [368, 369], [368, 371], [371, -355], [371, 372], [380, 381], [380, 384], [384, 385], [384, 388], [388, 389], [388, 392], [392, 393], [392, 396], [396, 397], [396, 400], [400, 401], [400, 403]], "functions": {"NotebookAnalyzer.__init__": {"executed_lines": [], "summary": {"covered_lines": 0, "num_statements": 1, "percent_covered": 0.0, "percent_covered_display": "0", "missing_lines": 1, "excluded_lines": 0, "num_branches": 0, "num_partial_branches": 0, "covered_branches": 0, "missing_branches": 0}, "missing_lines": [111], "excluded_lines": [], "executed_branches": [], "missing_branches": []}, "NotebookAnalyzer.analyze": {"executed_lines": [], "summary": {"covered_lines": 0, "num_statements": 18, "percent_covered": 0.0, "percent_covered_display": "0", "missing_lines": 18, "excluded_lines": 0, "num_branches": 4, "num_partial_branches": 0, "covered_branches": 0, "missing_branches": 4}, "missing_lines": [115, 117, 118, 121, 124, 125, 126, 127, 128, 131, 132, 135, 136, 139, 140, 141, 142, 144], "excluded_lines": [], "executed_branches": [], "missing_branches": [[117, 118], [117, 121], [135, 136], [135, 139]]}, "NotebookAnalyzer._extract_code_cells": {"executed_lines": [], "summary": {"covered_lines": 0, "num_statements": 5, "percent_covered": 0.0, "percent_covered_display": "0", "missing_lines": 5, "excluded_lines": 0, "num_branches": 4, "num_partial_branches": 0, "covered_branches": 0, "missing_branches": 4}, "missing_lines": [148, 150, 151, 152, 154], "excluded_lines": [], "executed_branches": [], "missing_branches": [[150, 151], [150, 154], [151, 150], [151, 152]]}, "NotebookAnalyzer._analyze_cell": {"executed_lines": [], "summary": {"covered_lines": 0, "num_statements": 6, "percent_covered": 0.0, "percent_covered_display": "0", "missing_lines": 6, "excluded_lines": 0, "num_branches": 0, "num_partial_branches": 0, "covered_branches": 0, "missing_branches": 0}, "missing_lines": [159, 162, 165, 168, 171, 174], "excluded_lines": [], "executed_branches": [], "missing_branches": []}, "NotebookAnalyzer._extract_imports": {"executed_lines": [], "summary": {"covered_lines": 0, "num_statements": 12, "percent_covered": 0.0, "percent_covered_display": "0", "missing_lines": 12, "excluded_lines": 1, "num_branches": 12, "num_partial_branches": 0, "covered_branches": 0, "missing_branches": 12}, "missing_lines": [178, 179, 180, 181, 182, 183, 184, 185, 186, 187, 188, 189], "excluded_lines": [191], "executed_branches": [], "missing_branches": [[180, -176], [180, 181], [181, 182], [181, 184], [182, 180], [182, 183], [184, 180], [184, 185], [185, 180], [185, 186], [187, 180], [187, 188]]}, "NotebookAnalyzer._detect_model_loading": {"executed_lines": [], "summary": {"covered_lines": 0, "num_statements": 9, "percent_covered": 0.0, "percent_covered_display": "0", "missing_lines": 9, "excluded_lines": 0, "num_branches": 6, "num_partial_branches": 0, "covered_branches": 0, "missing_branches": 6}, "missing_lines": [196, 206, 207, 208, 209, 212, 220, 221, 222], "excluded_lines": [], "executed_branches": [], "missing_branches": [[206, 207], [206, 212], [207, 206], [207, 208], [220, -193], [220, 221]]}, "NotebookAnalyzer._detect_preprocessing": {"executed_lines": [], "summary": {"covered_lines": 0, "num_statements": 4, "percent_covered": 0.0, "percent_covered_display": "0", "missing_lines": 4, "excluded_lines": 0, "num_branches": 4, "num_partial_branches": 0, "covered_branches": 0, "missing_branches": 4}, "missing_lines": [226, 227, 228, 229], "excluded_lines": [], "executed_branches": [], "missing_branches": [[226, -224], [226, 227], [227, 226], [227, 228]]}, "NotebookAnalyzer._detect_predict_methods": {"executed_lines": [], "summary": {"covered_lines": 0, "num_statements": 11, "percent_covered": 0.0, "percent_covered_display": "0", "missing_lines": 11, "excluded_lines": 1, "num_branches": 10, "num_partial_branches": 0, "covered_branches": 0, "missing_branches": 10}, "missing_lines": [233, 234, 235, 237, 238, 239, 240, 241, 242, 247, 248], "excluded_lines": [249], "executed_branches": [], "missing_branches": [[233, -231], [233, 234], [235, 233], [235, 237], [239, 233], [239, 240], [240, 239], [240, 241], [241, 239], [241, 242]]}, "NotebookAnalyzer._extract_features": {"executed_lines": [], "summary": {"covered_lines": 0, "num_statements": 6, "percent_covered": 0.0, "percent_covered_display": "0", "missing_lines": 6, "excluded_lines": 0, "num_branches": 4, "num_partial_branches": 0, "covered_branches": 0, "missing_branches": 4}, "missing_lines": [254, 261, 262, 263, 265, 266], "excluded_lines": [], "executed_branches": [], "missing_branches": [[261, -251], [261, 262], [263, 261], [263, 265]]}, "NotebookAnalyzer._detect_predictor_class": {"executed_lines": [], "summary": {"covered_lines": 0, "num_statements": 7, "percent_covered": 0.0, "percent_covered_display": "0", "missing_lines": 7, "excluded_lines": 0, "num_branches": 4, "num_partial_branches": 0, "covered_branches": 0, "missing_branches": 4}, "missing_lines": [271, 272, 274, 275, 276, 278, 279], "excluded_lines": [], "executed_branches": [], "missing_branches": [[274, -268], [274, 275], [276, -268], [276, 278]]}, "NotebookAnalyzer._detect_framework": {"executed_lines": [], "summary": {"covered_lines": 0, "num_statements": 27, "percent_covered": 0.0, "percent_covered_display": "0", "missing_lines": 27, "excluded_lines": 0, "num_branches": 26, "num_partial_branches": 0, "covered_branches": 0, "missing_branches": 26}, "missing_lines": [283, 285, 286, 289, 290, 291, 292, 295, 296, 297, 298, 301, 302, 303, 304, 306, 309, 310, 313, 314, 316, 317, 318, 319, 320, 321, 322], "excluded_lines": [], "executed_branches": [], "missing_branches": [[285, 286], [285, 309], [289, 290], [289, 295], [290, 289], [290, 291], [291, 290], [291, 292], [295, 296], [295, 301], [296, 295], [296, 297], [297, 296], [297, 298], [302, 303], [302, 306], [303, 302], [303, 304], [309, -281], [309, 310], [316, -281], [316, 317], [317, 318], [317, 320], [320, 316], [320, 321]]}, "NotebookAnalyzer._extract_requirements": {"executed_lines": [], "summary": {"covered_lines": 0, "num_statements": 12, "percent_covered": 0.0, "percent_covered_display": "0", "missing_lines": 12, "excluded_lines": 0, "num_branches": 6, "num_partial_branches": 0, "covered_branches": 0, "missing_branches": 6}, "missing_lines": [327, 340, 341, 342, 343, 344, 345, 346, 349, 350, 351, 353], "excluded_lines": [], "executed_branches": [], "missing_branches": [[341, 342], [341, 349], [343, 341], [343, 344], [345, 341], [345, 346]]}, "NotebookAnalyzer._infer_configuration": {"executed_lines": [], "summary": {"covered_lines": 0, "num_statements": 10, "percent_covered": 0.0, "percent_covered_display": "0", "missing_lines": 10, "excluded_lines": 0, "num_branches": 10, "num_partial_branches": 0, "covered_branches": 0, "missing_branches": 10}, "missing_lines": [358, 359, 360, 362, 365, 366, 368, 369, 371, 372], "excluded_lines": [], "executed_branches": [], "missing_branches": [[358, 359], [358, 365], [359, 360], [359, 362], [365, 366], [365, 368], [368, 369], [368, 371], [371, -355], [371, 372]]}, "NotebookAnalyzer._calculate_confidence": {"executed_lines": [], "summary": {"covered_lines": 0, "num_statements": 15, "percent_covered": 0.0, "percent_covered_display": "0", "missing_lines": 15, "excluded_lines": 0, "num_branches": 12, "num_partial_branches": 0, "covered_branches": 0, "missing_branches": 12}, "missing_lines": [376, 377, 380, 381, 384, 385, 388, 389, 392, 393, 396, 397, 400, 401, 403], "excluded_lines": [], "executed_branches": [], "missing_branches": [[380, 381], [380, 384], [384, 385], [384, 388], [388, 389], [388, 392], [392, 393], [392, 396], [396, 397], [396, 400], [400, 401], [400, 403]]}, "": {"executed_lines": [], "summary": {"covered_lines": 0, "num_statements": 45, "percent_covered": 0.0, "percent_covered_display": "0", "missing_lines": 45, "excluded_lines": 0, "num_branches": 0, "num_partial_branches": 0, "covered_branches": 0, "missing_branches": 0}, "missing_lines": [5, 6, 7, 8, 9, 10, 12, 13, 16, 17, 21, 22, 23, 26, 27, 30, 31, 32, 35, 36, 39, 40, 41, 44, 47, 48, 51, 55, 83, 92, 102, 110, 113, 146, 156, 176, 193, 224, 231, 251, 268, 281, 324, 355, 374], "excluded_lines": [], "executed_branches": [], "missing_branches": []}}, "classes": {"AnalysisResult": {"executed_lines": [], "summary": {"covered_lines": 0, "num_statements": 0, "percent_covered": 100.0, "percent_covered_display": "100", "missing_lines": 0, "excluded_lines": 0, "num_branches": 0, "num_partial_branches": 0, "covered_branches": 0, "missing_branches": 0}, "missing_lines": [], "excluded_lines": [], "executed_branches": [], "missing_branches": []}, "NotebookAnalyzer": {"executed_lines": [], "summary": {"covered_lines": 0, "num_statements": 143, "percent_covered": 0.0, "percent_covered_display": "0", "missing_lines": 143, "excluded_lines": 2, "num_branches": 102, "num_partial_branches": 0, "covered_branches": 0, "missing_branches": 102}, "missing_lines": [111, 115, 117, 118, 121, 124, 125, 126, 127, 128, 131, 132, 135, 136, 139, 140, 141, 142, 144, 148, 150, 151, 152, 154, 159, 162, 165, 168, 171, 174, 178, 179, 180, 181, 182, 183, 184, 185, 186, 187, 188, 189, 196, 206, 207, 208, 209, 212, 220, 221, 222, 226, 227, 228, 229, 233, 234, 235, 237, 238, 239, 240, 241, 242, 247, 248, 254, 261, 262, 263, 265, 266, 271, 272, 274, 275, 276, 278, 279, 283, 285, 286, 289, 290, 291, 292, 295, 296, 297, 298, 301, 302, 303, 304, 306, 309, 310, 313, 314, 316, 317, 318, 319, 320, 321, 322, 327, 340, 341, 342, 343, 344, 345, 346, 349, 350, 351, 353, 358, 359, 360, 362, 365, 366, 368, 369, 371, 372, 376, 377, 380, 381, 384, 385, 388, 389, 392, 393, 396, 397, 400, 401, 403], "excluded_lines": [191, 249], "executed_branches": [], "missing_branches": [[117, 118], [117, 121], [135, 136], [135, 139], [150, 151], [150, 154], [151, 150], [151, 152], [180, -176], [180, 181], [181, 182], [181, 184], [182, 180], [182, 183], [184, 180], [184, 185], [185, 180], [185, 186], [187, 180], [187, 188], [206, 207], [206, 212], [207, 206], [207, 208], [220, -193], [220, 221], [226, -224], [226, 227], [227, 226], [227, 228], [233, -231], [233, 234], [235, 233], [235, 237], [239, 233], [239, 240], [240, 239], [240, 241], [241, 239], [241, 242], [261, -251], [261, 262], [263, 261], [263, 265], [274, -268], [274, 275], [276, -268], [276, 278], [285, 286], [285, 309], [289, 290], [289, 295], [290, 289], [290, 291], [291, 290], [291, 292], [295, 296], [295, 301], [296, 295], [296, 297], [297, 296], [297, 298], [302, 303], [302, 306], [303, 302], [303, 304], [309, -281], [309, 310], [316, -281], [316, 317], [317, 318], [317, 320], [320, 316], [320, 321], [341, 342], [341, 349], [343, 341], [343, 344], [345, 341], [345, 346], [358, 359], [358, 365], [359, 360], [359, 362], [365, 366], [365, 368], [368, 369], [368, 371], [371, -355], [371, 372], [380, 381], [380, 384], [384, 385], [384, 388], [388, 389], [388, 392], [392, 393], [392, 396], [396, 397], [396, 400], [400, 401], [400, 403]]}, "": {"executed_lines": [], "summary": {"covered_lines": 0, "num_statements": 45, "percent_covered": 0.0, "percent_covered_display": "0", "missing_lines": 45, "excluded_lines": 0, "num_branches": 0, "num_partial_branches": 0, "covered_branches": 0, "missing_branches": 0}, "missing_lines": [5, 6, 7, 8, 9, 10, 12, 13, 16, 17, 21, 22, 23, 26, 27, 30, 31, 32, 35, 36, 39, 40, 41, 44, 47, 48, 51, 55, 83, 92, 102, 110, 113, 146, 156, 176, 193, 224, 231, 251, 268, 281, 324, 355, 374], "excluded_lines": [], "executed_branches": [], "missing_branches": []}}}, "mlserver/ainit/cli.py": {"executed_lines": [], "summary": {"covered_lines": 0, "num_statements": 203, "percent_covered": 0.0, "percent_covered_display": "0", "missing_lines": 203, "excluded_lines": 0, "num_branches": 72, "num_partial_branches": 0, "covered_branches": 0, "missing_branches": 72}, "missing_lines": [5, 6, 7, 8, 9, 10, 12, 13, 14, 15, 18, 21, 22, 25, 26, 27, 28, 30, 31, 32, 34, 35, 37, 39, 40, 43, 44, 45, 47, 48, 51, 52, 57, 58, 60, 61, 63, 65, 66, 67, 68, 69, 72, 75, 76, 79, 80, 83, 84, 85, 90, 93, 95, 96, 97, 98, 99, 100, 103, 105, 107, 108, 109, 110, 112, 113, 114, 115, 117, 119, 120, 122, 123, 126, 127, 128, 129, 131, 132, 133, 134, 135, 136, 139, 140, 141, 142, 143, 144, 145, 147, 150, 152, 153, 156, 157, 158, 161, 162, 163, 164, 165, 166, 169, 170, 171, 172, 173, 174, 177, 178, 179, 181, 184, 185, 187, 190, 194, 195, 197, 199, 202, 205, 208, 209, 210, 211, 213, 214, 215, 216, 219, 220, 221, 222, 223, 224, 227, 228, 229, 230, 231, 234, 235, 236, 237, 238, 241, 242, 243, 244, 245, 247, 250, 252, 254, 255, 257, 260, 261, 263, 264, 265, 267, 268, 270, 271, 272, 273, 276, 277, 278, 279, 280, 281, 283, 284, 286, 288, 289, 290, 292, 294, 295, 298, 299, 300, 301, 303, 304, 305, 306, 309, 311, 312, 313, 315, 317, 319, 322, 324, 326, 328], "excluded_lines": [], "executed_branches": [], "missing_branches": [[26, 27], [26, 30], [30, 31], [30, 34], [43, 44], [43, 72], [57, 58], [57, 60], [60, 61], [60, 63], [67, 68], [67, 72], [75, 76], [75, 79], [83, 84], [83, 93], [97, 98], [97, 100], [112, 113], [112, 119], [114, 115], [114, 117], [119, 120], [119, 122], [122, 123], [122, 126], [126, 127], [126, 131], [128, 129], [128, 131], [135, 136], [135, 139], [139, -103], [139, 140], [140, 141], [140, 147], [142, -103], [142, 143], [144, -103], [144, 145], [157, 158], [157, 161], [161, 162], [161, 169], [165, 166], [165, 169], [169, 170], [169, 177], [173, 174], [173, 177], [178, 179], [178, 181], [194, 195], [194, 197], [208, 209], [208, 210], [210, 211], [210, 213], [260, 261], [260, 263], [276, 277], [276, 283], [277, 278], [277, 280], [280, 281], [280, 286], [289, 290], [289, 292], [298, 299], [298, 303], [300, 301], [300, 303]], "functions": {"cmd_ainit": {"executed_lines": [], "summary": {"covered_lines": 0, "num_statements": 47, "percent_covered": 0.0, "percent_covered_display": "0", "missing_lines": 47, "excluded_lines": 0, "num_branches": 18, "num_partial_branches": 0, "covered_branches": 0, "missing_branches": 18}, "missing_lines": [21, 22, 25, 26, 27, 28, 30, 31, 32, 34, 35, 37, 39, 40, 43, 44, 45, 47, 48, 51, 52, 57, 58, 60, 61, 63, 65, 66, 67, 68, 69, 72, 75, 76, 79, 80, 83, 84, 85, 90, 93, 95, 96, 97, 98, 99, 100], "excluded_lines": [], "executed_branches": [], "missing_branches": [[26, 27], [26, 30], [30, 31], [30, 34], [43, 44], [43, 72], [57, 58], [57, 60], [60, 61], [60, 63], [67, 68], [67, 72], [75, 76], [75, 79], [83, 84], [83, 93], [97, 98], [97, 100]]}, "_display_analysis_results": {"executed_lines": [], "summary": {"covered_lines": 0, "num_statements": 32, "percent_covered": 0.0, "percent_covered_display": "0", "missing_lines": 32, "excluded_lines": 0, "num_branches": 22, "num_partial_branches": 0, "covered_branches": 0, "missing_branches": 22}, "missing_lines": [105, 107, 108, 109, 110, 112, 113, 114, 115, 117, 119, 120, 122, 123, 126, 127, 128, 129, 131, 132, 133, 134, 135, 136, 139, 140, 141, 142, 143, 144, 145, 147], "excluded_lines": [], "executed_branches": [], "missing_branches": [[112, 113], [112, 119], [114, 115], [114, 117], [119, 120], [119, 122], [122, 123], [122, 126], [126, 127], [126, 131], [128, 129], [128, 131], [135, 136], [135, 139], [139, -103], [139, 140], [140, 141], [140, 147], [142, -103], [142, 143], [144, -103], [144, 145]]}, "_interactive_configuration": {"executed_lines": [], "summary": {"covered_lines": 0, "num_statements": 24, "percent_covered": 0.0, "percent_covered_display": "0", "missing_lines": 24, "excluded_lines": 0, "num_branches": 12, "num_partial_branches": 0, "covered_branches": 0, "missing_branches": 12}, "missing_lines": [152, 153, 156, 157, 158, 161, 162, 163, 164, 165, 166, 169, 170, 171, 172, 173, 174, 177, 178, 179, 181, 184, 185, 187], "excluded_lines": [], "executed_branches": [], "missing_branches": [[157, 158], [157, 161], [161, 162], [161, 169], [165, 166], [165, 169], [169, 170], [169, 177], [173, 174], [173, 177], [178, 179], [178, 181]]}, "_generate_files": {"executed_lines": [], "summary": {"covered_lines": 0, "num_statements": 36, "percent_covered": 0.0, "percent_covered_display": "0", "missing_lines": 36, "excluded_lines": 0, "num_branches": 6, "num_partial_branches": 0, "covered_branches": 0, "missing_branches": 6}, "missing_lines": [194, 195, 197, 199, 202, 205, 208, 209, 210, 211, 213, 214, 215, 216, 219, 220, 221, 222, 223, 224, 227, 228, 229, 230, 231, 234, 235, 236, 237, 238, 241, 242, 243, 244, 245, 247], "excluded_lines": [], "executed_branches": [], "missing_branches": [[194, 195], [194, 197], [208, 209], [208, 210], [210, 211], [210, 213]]}, "_display_next_steps": {"executed_lines": [], "summary": {"covered_lines": 0, "num_statements": 38, "percent_covered": 0.0, "percent_covered_display": "0", "missing_lines": 38, "excluded_lines": 0, "num_branches": 14, "num_partial_branches": 0, "covered_branches": 0, "missing_branches": 14}, "missing_lines": [252, 254, 255, 257, 260, 261, 263, 264, 265, 267, 268, 270, 271, 272, 273, 276, 277, 278, 279, 280, 281, 283, 284, 286, 288, 289, 290, 292, 294, 295, 298, 299, 300, 301, 303, 304, 305, 306], "excluded_lines": [], "executed_branches": [], "missing_branches": [[260, 261], [260, 263], [276, 277], [276, 283], [277, 278], [277, 280], [280, 281], [280, 286], [289, 290], [289, 292], [298, 299], [298, 303], [300, 301], [300, 303]]}, "_add_ainit_arguments": {"executed_lines": [], "summary": {"covered_lines": 0, "num_statements": 10, "percent_covered": 0.0, "percent_covered_display": "0", "missing_lines": 10, "excluded_lines": 0, "num_branches": 0, "num_partial_branches": 0, "covered_branches": 0, "missing_branches": 0}, "missing_lines": [311, 312, 313, 315, 317, 319, 322, 324, 326, 328], "excluded_lines": [], "executed_branches": [], "missing_branches": []}, "": {"executed_lines": [], "summary": {"covered_lines": 0, "num_statements": 16, "percent_covered": 0.0, "percent_covered_display": "0", "missing_lines": 16, "excluded_lines": 0, "num_branches": 0, "num_partial_branches": 0, "covered_branches": 0, "missing_branches": 0}, "missing_lines": [5, 6, 7, 8, 9, 10, 12, 13, 14, 15, 18, 103, 150, 190, 250, 309], "excluded_lines": [], "executed_branches": [], "missing_branches": []}}, "classes": {"": {"executed_lines": [], "summary": {"covered_lines": 0, "num_statements": 203, "percent_covered": 0.0, "percent_covered_display": "0", "missing_lines": 203, "excluded_lines": 0, "num_branches": 72, "num_partial_branches": 0, "covered_branches": 0, "missing_branches": 72}, "missing_lines": [5, 6, 7, 8, 9, 10, 12, 13, 14, 15, 18, 21, 22, 25, 26, 27, 28, 30, 31, 32, 34, 35, 37, 39, 40, 43, 44, 45, 47, 48, 51, 52, 57, 58, 60, 61, 63, 65, 66, 67, 68, 69, 72, 75, 76, 79, 80, 83, 84, 85, 90, 93, 95, 96, 97, 98, 99, 100, 103, 105, 107, 108, 109, 110, 112, 113, 114, 115, 117, 119, 120, 122, 123, 126, 127, 128, 129, 131, 132, 133, 134, 135, 136, 139, 140, 141, 142, 143, 144, 145, 147, 150, 152, 153, 156, 157, 158, 161, 162, 163, 164, 165, 166, 169, 170, 171, 172, 173, 174, 177, 178, 179, 181, 184, 185, 187, 190, 194, 195, 197, 199, 202, 205, 208, 209, 210, 211, 213, 214, 215, 216, 219, 220, 221, 222, 223, 224, 227, 228, 229, 230, 231, 234, 235, 236, 237, 238, 241, 242, 243, 244, 245, 247, 250, 252, 254, 255, 257, 260, 261, 263, 264, 265, 267, 268, 270, 271, 272, 273, 276, 277, 278, 279, 280, 281, 283, 284, 286, 288, 289, 290, 292, 294, 295, 298, 299, 300, 301, 303, 304, 305, 306, 309, 311, 312, 313, 315, 317, 319, 322, 324, 326, 328], "excluded_lines": [], "executed_branches": [], "missing_branches": [[26, 27], [26, 30], [30, 31], [30, 34], [43, 44], [43, 72], [57, 58], [57, 60], [60, 61], [60, 63], [67, 68], [67, 72], [75, 76], [75, 79], [83, 84], [83, 93], [97, 98], [97, 100], [112, 113], [112, 119], [114, 115], [114, 117], [119, 120], [119, 122], [122, 123], [122, 126], [126, 127], [126, 131], [128, 129], [128, 131], [135, 136], [135, 139], [139, -103], [139, 140], [140, 141], [140, 147], [142, -103], [142, 143], [144, -103], [144, 145], [157, 158], [157, 161], [161, 162], [161, 169], [165, 166], [165, 169], [169, 170], [169, 177], [173, 174], [173, 177], [178, 179], [178, 181], [194, 195], [194, 197], [208, 209], [208, 210], [210, 211], [210, 213], [260, 261], [260, 263], [276, 277], [276, 283], [277, 278], [277, 280], [280, 281], [280, 286], [289, 290], [289, 292], [298, 299], [298, 303], [300, 301], [300, 303]]}}}, "mlserver/ainit/code_analyzer.py": {"executed_lines": [], "summary": {"covered_lines": 0, "num_statements": 262, "percent_covered": 0.0, "percent_covered_display": "0", "missing_lines": 262, "excluded_lines": 3, "num_branches": 140, "num_partial_branches": 0, "covered_branches": 0, "missing_branches": 140}, "missing_lines": [6, 7, 8, 9, 10, 11, 12, 13, 14, 15, 16, 17, 19, 20, 22, 25, 28, 29, 30, 31, 32, 34, 36, 47, 100, 101, 102, 103, 105, 114, 115, 117, 118, 119, 120, 122, 123, 124, 125, 126, 127, 128, 129, 130, 131, 132, 133, 134, 135, 136, 137, 138, 139, 140, 141, 144, 145, 147, 148, 149, 150, 153, 154, 155, 158, 161, 168, 196, 205, 215, 223, 224, 225, 226, 228, 230, 232, 233, 236, 239, 242, 243, 244, 245, 246, 247, 249, 252, 253, 256, 257, 260, 261, 262, 263, 265, 267, 269, 270, 271, 272, 273, 275, 276, 277, 278, 280, 282, 284, 285, 286, 287, 288, 290, 292, 293, 295, 298, 300, 303, 306, 309, 311, 312, 313, 316, 317, 320, 323, 324, 325, 327, 330, 333, 336, 339, 342, 345, 348, 350, 351, 352, 353, 354, 355, 356, 357, 358, 359, 360, 361, 365, 368, 378, 379, 380, 381, 384, 392, 393, 394, 396, 398, 399, 400, 401, 403, 405, 406, 407, 409, 410, 411, 412, 413, 414, 419, 420, 423, 426, 433, 434, 435, 437, 438, 440, 443, 444, 446, 447, 448, 450, 451, 453, 455, 457, 458, 461, 462, 463, 464, 467, 468, 469, 470, 473, 474, 475, 476, 478, 481, 482, 485, 486, 488, 489, 490, 491, 492, 493, 494, 496, 499, 512, 513, 514, 515, 516, 517, 518, 521, 522, 523, 525, 527, 530, 531, 532, 534, 537, 538, 540, 541, 543, 544, 546, 548, 549, 552, 553, 556, 557, 560, 561, 564, 565, 568, 569, 572, 573, 575, 579], "excluded_lines": [156, 363, 421], "executed_branches": [], "missing_branches": [[117, 118], [117, 144], [118, 119], [118, 122], [122, 117], [122, 123], [123, 124], [123, 128], [128, 129], [128, 133], [133, 134], [133, 138], [138, 139], [138, 140], [140, 117], [140, 141], [232, 233], [232, 236], [242, 243], [242, 245], [245, 246], [245, 249], [252, 253], [252, 256], [256, 257], [256, 260], [276, 277], [276, 280], [277, 276], [277, 278], [292, 293], [292, 295], [298, 300], [298, 303], [309, 311], [309, 323], [311, 312], [311, 316], [312, 311], [312, 313], [316, 317], [316, 320], [323, -290], [323, 324], [324, -290], [324, 325], [352, -348], [352, 353], [353, 354], [353, 356], [354, 352], [354, 355], [356, 352], [356, 357], [357, 352], [357, 358], [359, 352], [359, 360], [378, 379], [378, 384], [379, 378], [379, 380], [392, -365], [392, 393], [398, -396], [398, 399], [399, 398], [399, 400], [405, -403], [405, 406], [407, 405], [407, 409], [411, 405], [411, 412], [412, 411], [412, 413], [413, 411], [413, 414], [433, -423], [433, 434], [435, 433], [435, 437], [446, -440], [446, 447], [448, -440], [448, 450], [457, 458], [457, 481], [461, 462], [461, 467], [462, 461], [462, 463], [463, 462], [463, 464], [467, 468], [467, 473], [468, 467], [468, 469], [469, 468], [469, 470], [474, 475], [474, 478], [475, 474], [475, 476], [481, -453], [481, 482], [488, -453], [488, 489], [489, 490], [489, 492], [492, 488], [492, 493], [513, 514], [513, 521], [515, 513], [515, 516], [517, 513], [517, 518], [530, 531], [530, 537], [531, 532], [531, 534], [537, 538], [537, 540], [540, 541], [540, 543], [543, -527], [543, 544], [552, 553], [552, 556], [556, 557], [556, 560], [560, 561], [560, 564], [564, 565], [564, 568], [568, 569], [568, 572], [572, 573], [572, 575]], "functions": {"ExecutionTracer.__init__": {"executed_lines": [], "summary": {"covered_lines": 0, "num_statements": 4, "percent_covered": 0.0, "percent_covered_display": "0", "missing_lines": 4, "excluded_lines": 0, "num_branches": 0, "num_partial_branches": 0, "covered_branches": 0, "missing_branches": 0}, "missing_lines": [29, 30, 31, 32], "excluded_lines": [], "executed_branches": [], "missing_branches": []}, "ExecutionTracer.trace_execution": {"executed_lines": [], "summary": {"covered_lines": 0, "num_statements": 43, "percent_covered": 0.0, "percent_covered_display": "0", "missing_lines": 43, "excluded_lines": 1, "num_branches": 16, "num_partial_branches": 0, "covered_branches": 0, "missing_branches": 16}, "missing_lines": [36, 47, 100, 101, 102, 103, 105, 114, 115, 117, 118, 119, 120, 122, 123, 124, 125, 126, 127, 128, 129, 130, 131, 132, 133, 134, 135, 136, 137, 138, 139, 140, 141, 144, 145, 147, 148, 149, 150, 153, 154, 155, 158], "excluded_lines": [156], "executed_branches": [], "missing_branches": [[117, 118], [117, 144], [118, 119], [118, 122], [122, 117], [122, 123], [123, 124], [123, 128], [128, 129], [128, 133], [133, 134], [133, 138], [138, 139], [138, 140], [140, 117], [140, 141]]}, "CodeAnalyzer.__init__": {"executed_lines": [], "summary": {"covered_lines": 0, "num_statements": 3, "percent_covered": 0.0, "percent_covered_display": "0", "missing_lines": 3, "excluded_lines": 0, "num_branches": 0, "num_partial_branches": 0, "covered_branches": 0, "missing_branches": 0}, "missing_lines": [224, 225, 226], "excluded_lines": [], "executed_branches": [], "missing_branches": []}, "CodeAnalyzer.analyze": {"executed_lines": [], "summary": {"covered_lines": 0, "num_statements": 21, "percent_covered": 0.0, "percent_covered_display": "0", "missing_lines": 21, "excluded_lines": 0, "num_branches": 10, "num_partial_branches": 0, "covered_branches": 0, "missing_branches": 10}, "missing_lines": [230, 232, 233, 236, 239, 242, 243, 244, 245, 246, 247, 249, 252, 253, 256, 257, 260, 261, 262, 263, 265], "excluded_lines": [], "executed_branches": [], "missing_branches": [[232, 233], [232, 236], [242, 243], [242, 245], [245, 246], [245, 249], [252, 253], [252, 256], [256, 257], [256, 260]]}, "CodeAnalyzer._extract_notebook_code": {"executed_lines": [], "summary": {"covered_lines": 0, "num_statements": 10, "percent_covered": 0.0, "percent_covered_display": "0", "missing_lines": 10, "excluded_lines": 0, "num_branches": 4, "num_partial_branches": 0, "covered_branches": 0, "missing_branches": 4}, "missing_lines": [269, 270, 271, 272, 273, 275, 276, 277, 278, 280], "excluded_lines": [], "executed_branches": [], "missing_branches": [[276, 277], [276, 280], [277, 276], [277, 278]]}, "CodeAnalyzer._extract_python_code": {"executed_lines": [], "summary": {"covered_lines": 0, "num_statements": 5, "percent_covered": 0.0, "percent_covered_display": "0", "missing_lines": 5, "excluded_lines": 0, "num_branches": 0, "num_partial_branches": 0, "covered_branches": 0, "missing_branches": 0}, "missing_lines": [284, 285, 286, 287, 288], "excluded_lines": [], "executed_branches": [], "missing_branches": []}, "CodeAnalyzer._perform_execution_tracing": {"executed_lines": [], "summary": {"covered_lines": 0, "num_statements": 17, "percent_covered": 0.0, "percent_covered_display": "0", "missing_lines": 17, "excluded_lines": 0, "num_branches": 16, "num_partial_branches": 0, "covered_branches": 0, "missing_branches": 16}, "missing_lines": [292, 293, 295, 298, 300, 303, 306, 309, 311, 312, 313, 316, 317, 320, 323, 324, 325], "excluded_lines": [], "executed_branches": [], "missing_branches": [[292, 293], [292, 295], [298, 300], [298, 303], [309, 311], [309, 323], [311, 312], [311, 316], [312, 311], [312, 313], [316, 317], [316, 320], [323, -290], [323, 324], [324, -290], [324, 325]]}, "CodeAnalyzer._analyze_code_section": {"executed_lines": [], "summary": {"covered_lines": 0, "num_statements": 6, "percent_covered": 0.0, "percent_covered_display": "0", "missing_lines": 6, "excluded_lines": 0, "num_branches": 0, "num_partial_branches": 0, "covered_branches": 0, "missing_branches": 0}, "missing_lines": [330, 333, 336, 339, 342, 345], "excluded_lines": [], "executed_branches": [], "missing_branches": []}, "CodeAnalyzer._extract_imports": {"executed_lines": [], "summary": {"covered_lines": 0, "num_statements": 12, "percent_covered": 0.0, "percent_covered_display": "0", "missing_lines": 12, "excluded_lines": 1, "num_branches": 12, "num_partial_branches": 0, "covered_branches": 0, "missing_branches": 12}, "missing_lines": [350, 351, 352, 353, 354, 355, 356, 357, 358, 359, 360, 361], "excluded_lines": [363], "executed_branches": [], "missing_branches": [[352, -348], [352, 353], [353, 354], [353, 356], [354, 352], [354, 355], [356, 352], [356, 357], [357, 352], [357, 358], [359, 352], [359, 360]]}, "CodeAnalyzer._detect_model_loading": {"executed_lines": [], "summary": {"covered_lines": 0, "num_statements": 9, "percent_covered": 0.0, "percent_covered_display": "0", "missing_lines": 9, "excluded_lines": 0, "num_branches": 6, "num_partial_branches": 0, "covered_branches": 0, "missing_branches": 6}, "missing_lines": [368, 378, 379, 380, 381, 384, 392, 393, 394], "excluded_lines": [], "executed_branches": [], "missing_branches": [[378, 379], [378, 384], [379, 378], [379, 380], [392, -365], [392, 393]]}, "CodeAnalyzer._detect_preprocessing": {"executed_lines": [], "summary": {"covered_lines": 0, "num_statements": 4, "percent_covered": 0.0, "percent_covered_display": "0", "missing_lines": 4, "excluded_lines": 0, "num_branches": 4, "num_partial_branches": 0, "covered_branches": 0, "missing_branches": 4}, "missing_lines": [398, 399, 400, 401], "excluded_lines": [], "executed_branches": [], "missing_branches": [[398, -396], [398, 399], [399, 398], [399, 400]]}, "CodeAnalyzer._detect_predict_methods": {"executed_lines": [], "summary": {"covered_lines": 0, "num_statements": 11, "percent_covered": 0.0, "percent_covered_display": "0", "missing_lines": 11, "excluded_lines": 1, "num_branches": 10, "num_partial_branches": 0, "covered_branches": 0, "missing_branches": 10}, "missing_lines": [405, 406, 407, 409, 410, 411, 412, 413, 414, 419, 420], "excluded_lines": [421], "executed_branches": [], "missing_branches": [[405, -403], [405, 406], [407, 405], [407, 409], [411, 405], [411, 412], [412, 411], [412, 413], [413, 411], [413, 414]]}, "CodeAnalyzer._extract_features": {"executed_lines": [], "summary": {"covered_lines": 0, "num_statements": 6, "percent_covered": 0.0, "percent_covered_display": "0", "missing_lines": 6, "excluded_lines": 0, "num_branches": 4, "num_partial_branches": 0, "covered_branches": 0, "missing_branches": 4}, "missing_lines": [426, 433, 434, 435, 437, 438], "excluded_lines": [], "executed_branches": [], "missing_branches": [[433, -423], [433, 434], [435, 433], [435, 437]]}, "CodeAnalyzer._detect_predictor_class": {"executed_lines": [], "summary": {"covered_lines": 0, "num_statements": 7, "percent_covered": 0.0, "percent_covered_display": "0", "missing_lines": 7, "excluded_lines": 0, "num_branches": 4, "num_partial_branches": 0, "covered_branches": 0, "missing_branches": 4}, "missing_lines": [443, 444, 446, 447, 448, 450, 451], "excluded_lines": [], "executed_branches": [], "missing_branches": [[446, -440], [446, 447], [448, -440], [448, 450]]}, "CodeAnalyzer._detect_framework": {"executed_lines": [], "summary": {"covered_lines": 0, "num_statements": 27, "percent_covered": 0.0, "percent_covered_display": "0", "missing_lines": 27, "excluded_lines": 0, "num_branches": 26, "num_partial_branches": 0, "covered_branches": 0, "missing_branches": 26}, "missing_lines": [455, 457, 458, 461, 462, 463, 464, 467, 468, 469, 470, 473, 474, 475, 476, 478, 481, 482, 485, 486, 488, 489, 490, 491, 492, 493, 494], "excluded_lines": [], "executed_branches": [], "missing_branches": [[457, 458], [457, 481], [461, 462], [461, 467], [462, 461], [462, 463], [463, 462], [463, 464], [467, 468], [467, 473], [468, 467], [468, 469], [469, 468], [469, 470], [474, 475], [474, 478], [475, 474], [475, 476], [481, -453], [481, 482], [488, -453], [488, 489], [489, 490], [489, 492], [492, 488], [492, 493]]}, "CodeAnalyzer._extract_requirements": {"executed_lines": [], "summary": {"covered_lines": 0, "num_statements": 12, "percent_covered": 0.0, "percent_covered_display": "0", "missing_lines": 12, "excluded_lines": 0, "num_branches": 6, "num_partial_branches": 0, "covered_branches": 0, "missing_branches": 6}, "missing_lines": [499, 512, 513, 514, 515, 516, 517, 518, 521, 522, 523, 525], "excluded_lines": [], "executed_branches": [], "missing_branches": [[513, 514], [513, 521], [515, 513], [515, 516], [517, 513], [517, 518]]}, "CodeAnalyzer._infer_configuration": {"executed_lines": [], "summary": {"covered_lines": 0, "num_statements": 10, "percent_covered": 0.0, "percent_covered_display": "0", "missing_lines": 10, "excluded_lines": 0, "num_branches": 10, "num_partial_branches": 0, "covered_branches": 0, "missing_branches": 10}, "missing_lines": [530, 531, 532, 534, 537, 538, 540, 541, 543, 544], "excluded_lines": [], "executed_branches": [], "missing_branches": [[530, 531], [530, 537], [531, 532], [531, 534], [537, 538], [537, 540], [540, 541], [540, 543], [543, -527], [543, 544]]}, "CodeAnalyzer._calculate_confidence": {"executed_lines": [], "summary": {"covered_lines": 0, "num_statements": 15, "percent_covered": 0.0, "percent_covered_display": "0", "missing_lines": 15, "excluded_lines": 0, "num_branches": 12, "num_partial_branches": 0, "covered_branches": 0, "missing_branches": 12}, "missing_lines": [548, 549, 552, 553, 556, 557, 560, 561, 564, 565, 568, 569, 572, 573, 575], "excluded_lines": [], "executed_branches": [], "missing_branches": [[552, 553], [552, 556], [556, 557], [556, 560], [560, 561], [560, 564], [564, 565], [564, 568], [568, 569], [568, 572], [572, 573], [572, 575]]}, "": {"executed_lines": [], "summary": {"covered_lines": 0, "num_statements": 40, "percent_covered": 0.0, "percent_covered_display": "0", "missing_lines": 40, "excluded_lines": 0, "num_branches": 0, "num_partial_branches": 0, "covered_branches": 0, "missing_branches": 0}, "missing_lines": [6, 7, 8, 9, 10, 11, 12, 13, 14, 15, 16, 17, 19, 20, 22, 25, 28, 34, 161, 168, 196, 205, 215, 223, 228, 267, 282, 290, 327, 348, 365, 396, 403, 423, 440, 453, 496, 527, 546, 579], "excluded_lines": [], "executed_branches": [], "missing_branches": []}}, "classes": {"ExecutionTracer": {"executed_lines": [], "summary": {"covered_lines": 0, "num_statements": 47, "percent_covered": 0.0, "percent_covered_display": "0", "missing_lines": 47, "excluded_lines": 1, "num_branches": 16, "num_partial_branches": 0, "covered_branches": 0, "missing_branches": 16}, "missing_lines": [29, 30, 31, 32, 36, 47, 100, 101, 102, 103, 105, 114, 115, 117, 118, 119, 120, 122, 123, 124, 125, 126, 127, 128, 129, 130, 131, 132, 133, 134, 135, 136, 137, 138, 139, 140, 141, 144, 145, 147, 148, 149, 150, 153, 154, 155, 158], "excluded_lines": [156], "executed_branches": [], "missing_branches": [[117, 118], [117, 144], [118, 119], [118, 122], [122, 117], [122, 123], [123, 124], [123, 128], [128, 129], [128, 133], [133, 134], [133, 138], [138, 139], [138, 140], [140, 117], [140, 141]]}, "CodeAnalyzer": {"executed_lines": [], "summary": {"covered_lines": 0, "num_statements": 175, "percent_covered": 0.0, "percent_covered_display": "0", "missing_lines": 175, "excluded_lines": 2, "num_branches": 124, "num_partial_branches": 0, "covered_branches": 0, "missing_branches": 124}, "missing_lines": [224, 225, 226, 230, 232, 233, 236, 239, 242, 243, 244, 245, 246, 247, 249, 252, 253, 256, 257, 260, 261, 262, 263, 265, 269, 270, 271, 272, 273, 275, 276, 277, 278, 280, 284, 285, 286, 287, 288, 292, 293, 295, 298, 300, 303, 306, 309, 311, 312, 313, 316, 317, 320, 323, 324, 325, 330, 333, 336, 339, 342, 345, 350, 351, 352, 353, 354, 355, 356, 357, 358, 359, 360, 361, 368, 378, 379, 380, 381, 384, 392, 393, 394, 398, 399, 400, 401, 405, 406, 407, 409, 410, 411, 412, 413, 414, 419, 420, 426, 433, 434, 435, 437, 438, 443, 444, 446, 447, 448, 450, 451, 455, 457, 458, 461, 462, 463, 464, 467, 468, 469, 470, 473, 474, 475, 476, 478, 481, 482, 485, 486, 488, 489, 490, 491, 492, 493, 494, 499, 512, 513, 514, 515, 516, 517, 518, 521, 522, 523, 525, 530, 531, 532, 534, 537, 538, 540, 541, 543, 544, 548, 549, 552, 553, 556, 557, 560, 561, 564, 565, 568, 569, 572, 573, 575], "excluded_lines": [363, 421], "executed_branches": [], "missing_branches": [[232, 233], [232, 236], [242, 243], [242, 245], [245, 246], [245, 249], [252, 253], [252, 256], [256, 257], [256, 260], [276, 277], [276, 280], [277, 276], [277, 278], [292, 293], [292, 295], [298, 300], [298, 303], [309, 311], [309, 323], [311, 312], [311, 316], [312, 311], [312, 313], [316, 317], [316, 320], [323, -290], [323, 324], [324, -290], [324, 325], [352, -348], [352, 353], [353, 354], [353, 356], [354, 352], [354, 355], [356, 352], [356, 357], [357, 352], [357, 358], [359, 352], [359, 360], [378, 379], [378, 384], [379, 378], [379, 380], [392, -365], [392, 393], [398, -396], [398, 399], [399, 398], [399, 400], [405, -403], [405, 406], [407, 405], [407, 409], [411, 405], [411, 412], [412, 411], [412, 413], [413, 411], [413, 414], [433, -423], [433, 434], [435, 433], [435, 437], [446, -440], [446, 447], [448, -440], [448, 450], [457, 458], [457, 481], [461, 462], [461, 467], [462, 461], [462, 463], [463, 462], [463, 464], [467, 468], [467, 473], [468, 467], [468, 469], [469, 468], [469, 470], [474, 475], [474, 478], [475, 474], [475, 476], [481, -453], [481, 482], [488, -453], [488, 489], [489, 490], [489, 492], [492, 488], [492, 493], [513, 514], [513, 521], [515, 513], [515, 516], [517, 513], [517, 518], [530, 531], [530, 537], [531, 532], [531, 534], [537, 538], [537, 540], [540, 541], [540, 543], [543, -527], [543, 544], [552, 553], [552, 556], [556, 557], [556, 560], [560, 561], [560, 564], [564, 565], [564, 568], [568, 569], [568, 572], [572, 573], [572, 575]]}, "": {"executed_lines": [], "summary": {"covered_lines": 0, "num_statements": 40, "percent_covered": 0.0, "percent_covered_display": "0", "missing_lines": 40, "excluded_lines": 0, "num_branches": 0, "num_partial_branches": 0, "covered_branches": 0, "missing_branches": 0}, "missing_lines": [6, 7, 8, 9, 10, 11, 12, 13, 14, 15, 16, 17, 19, 20, 22, 25, 28, 34, 161, 168, 196, 205, 215, 223, 228, 267, 282, 290, 327, 348, 365, 396, 403, 423, 440, 453, 496, 527, 546, 579], "excluded_lines": [], "executed_branches": [], "missing_branches": []}}}, "mlserver/ainit/llm_client.py": {"executed_lines": [], "summary": {"covered_lines": 0, "num_statements": 153, "percent_covered": 0.0, "percent_covered_display": "0", "missing_lines": 153, "excluded_lines": 0, "num_branches": 44, "num_partial_branches": 0, "covered_branches": 0, "missing_branches": 44}, "missing_lines": [8, 9, 10, 11, 12, 13, 14, 16, 19, 22, 24, 25, 26, 29, 30, 32, 33, 34, 35, 36, 39, 47, 48, 49, 50, 51, 53, 54, 56, 58, 60, 61, 62, 63, 64, 66, 68, 69, 70, 71, 72, 73, 74, 76, 78, 80, 81, 83, 85, 87, 98, 99, 105, 106, 108, 119, 120, 126, 127, 129, 139, 140, 146, 147, 149, 151, 179, 181, 203, 205, 222, 224, 225, 226, 227, 228, 229, 230, 232, 237, 238, 239, 245, 248, 250, 251, 260, 261, 267, 268, 269, 270, 272, 273, 275, 282, 288, 290, 295, 304, 305, 311, 312, 313, 315, 322, 328, 330, 336, 337, 342, 343, 344, 346, 353, 360, 370, 371, 372, 373, 374, 375, 379, 397, 399, 401, 402, 403, 405, 407, 409, 411, 412, 415, 416, 419, 420, 421, 423, 426, 427, 428, 429, 431, 433, 434, 437, 438, 440, 441, 442, 443, 445], "excluded_lines": [], "executed_branches": [], "missing_branches": [[53, 54], [53, 56], [60, 61], [60, 62], [62, 63], [62, 64], [68, 69], [68, 70], [70, 71], [70, 72], [72, 73], [72, 74], [78, 80], [78, 81], [98, 99], [98, 105], [119, 120], [119, 126], [139, 140], [139, 146], [225, 226], [225, 227], [227, 228], [227, 229], [229, 230], [229, 232], [267, 268], [267, 282], [269, 270], [269, 282], [272, 273], [272, 275], [311, 312], [311, 322], [342, 343], [342, 353], [399, 401], [399, 405], [409, 411], [409, 437], [419, 420], [419, 426], [426, 427], [426, 445]], "functions": {"LLMClient.__init__": {"executed_lines": [], "summary": {"covered_lines": 0, "num_statements": 7, "percent_covered": 0.0, "percent_covered_display": "0", "missing_lines": 7, "excluded_lines": 0, "num_branches": 2, "num_partial_branches": 0, "covered_branches": 0, "missing_branches": 2}, "missing_lines": [48, 49, 50, 51, 53, 54, 56], "excluded_lines": [], "executed_branches": [], "missing_branches": [[53, 54], [53, 56]]}, "LLMClient._get_api_key": {"executed_lines": [], "summary": {"covered_lines": 0, "num_statements": 5, "percent_covered": 0.0, "percent_covered_display": "0", "missing_lines": 5, "excluded_lines": 0, "num_branches": 4, "num_partial_branches": 0, "covered_branches": 0, "missing_branches": 4}, "missing_lines": [60, 61, 62, 63, 64], "excluded_lines": [], "executed_branches": [], "missing_branches": [[60, 61], [60, 62], [62, 63], [62, 64]]}, "LLMClient._get_base_url": {"executed_lines": [], "summary": {"covered_lines": 0, "num_statements": 7, "percent_covered": 0.0, "percent_covered_display": "0", "missing_lines": 7, "excluded_lines": 0, "num_branches": 6, "num_partial_branches": 0, "covered_branches": 0, "missing_branches": 6}, "missing_lines": [68, 69, 70, 71, 72, 73, 74], "excluded_lines": [], "executed_branches": [], "missing_branches": [[68, 69], [68, 70], [70, 71], [70, 72], [72, 73], [72, 74]]}, "LLMClient._check_availability": {"executed_lines": [], "summary": {"covered_lines": 0, "num_statements": 3, "percent_covered": 0.0, "percent_covered_display": "0", "missing_lines": 3, "excluded_lines": 0, "num_branches": 2, "num_partial_branches": 0, "covered_branches": 0, "missing_branches": 2}, "missing_lines": [78, 80, 81], "excluded_lines": [], "executed_branches": [], "missing_branches": [[78, 80], [78, 81]]}, "LLMClient.is_available": {"executed_lines": [], "summary": {"covered_lines": 0, "num_statements": 1, "percent_covered": 0.0, "percent_covered_display": "0", "missing_lines": 1, "excluded_lines": 0, "num_branches": 0, "num_partial_branches": 0, "covered_branches": 0, "missing_branches": 0}, "missing_lines": [85], "excluded_lines": [], "executed_branches": [], "missing_branches": []}, "LLMClient.analyze_code": {"executed_lines": [], "summary": {"covered_lines": 0, "num_statements": 4, "percent_covered": 0.0, "percent_covered_display": "0", "missing_lines": 4, "excluded_lines": 0, "num_branches": 2, "num_partial_branches": 0, "covered_branches": 0, "missing_branches": 2}, "missing_lines": [98, 99, 105, 106], "excluded_lines": [], "executed_branches": [], "missing_branches": [[98, 99], [98, 105]]}, "LLMClient.improve_predictor_class": {"executed_lines": [], "summary": {"covered_lines": 0, "num_statements": 4, "percent_covered": 0.0, "percent_covered_display": "0", "missing_lines": 4, "excluded_lines": 0, "num_branches": 2, "num_partial_branches": 0, "covered_branches": 0, "missing_branches": 2}, "missing_lines": [119, 120, 126, 127], "excluded_lines": [], "executed_branches": [], "missing_branches": [[119, 120], [119, 126]]}, "LLMClient.generate_documentation": {"executed_lines": [], "summary": {"covered_lines": 0, "num_statements": 4, "percent_covered": 0.0, "percent_covered_display": "0", "missing_lines": 4, "excluded_lines": 0, "num_branches": 2, "num_partial_branches": 0, "covered_branches": 0, "missing_branches": 2}, "missing_lines": [139, 140, 146, 147], "excluded_lines": [], "executed_branches": [], "missing_branches": [[139, 140], [139, 146]]}, "LLMClient._create_analysis_prompt": {"executed_lines": [], "summary": {"covered_lines": 0, "num_statements": 1, "percent_covered": 0.0, "percent_covered_display": "0", "missing_lines": 1, "excluded_lines": 0, "num_branches": 0, "num_partial_branches": 0, "covered_branches": 0, "missing_branches": 0}, "missing_lines": [151], "excluded_lines": [], "executed_branches": [], "missing_branches": []}, "LLMClient._create_improvement_prompt": {"executed_lines": [], "summary": {"covered_lines": 0, "num_statements": 1, "percent_covered": 0.0, "percent_covered_display": "0", "missing_lines": 1, "excluded_lines": 0, "num_branches": 0, "num_partial_branches": 0, "covered_branches": 0, "missing_branches": 0}, "missing_lines": [181], "excluded_lines": [], "executed_branches": [], "missing_branches": []}, "LLMClient._create_documentation_prompt": {"executed_lines": [], "summary": {"covered_lines": 0, "num_statements": 1, "percent_covered": 0.0, "percent_covered_display": "0", "missing_lines": 1, "excluded_lines": 0, "num_branches": 0, "num_partial_branches": 0, "covered_branches": 0, "missing_branches": 0}, "missing_lines": [205], "excluded_lines": [], "executed_branches": [], "missing_branches": []}, "LLMClient._generate_response": {"executed_lines": [], "summary": {"covered_lines": 0, "num_statements": 11, "percent_covered": 0.0, "percent_covered_display": "0", "missing_lines": 11, "excluded_lines": 0, "num_branches": 6, "num_partial_branches": 0, "covered_branches": 0, "missing_branches": 6}, "missing_lines": [224, 225, 226, 227, 228, 229, 230, 232, 237, 238, 239], "excluded_lines": [], "executed_branches": [], "missing_branches": [[225, 226], [225, 227], [227, 228], [227, 229], [229, 230], [229, 232]]}, "LLMClient._call_huggingface": {"executed_lines": [], "summary": {"covered_lines": 0, "num_statements": 13, "percent_covered": 0.0, "percent_covered_display": "0", "missing_lines": 13, "excluded_lines": 0, "num_branches": 6, "num_partial_branches": 0, "covered_branches": 0, "missing_branches": 6}, "missing_lines": [248, 250, 251, 260, 261, 267, 268, 269, 270, 272, 273, 275, 282], "excluded_lines": [], "executed_branches": [], "missing_branches": [[267, 268], [267, 282], [269, 270], [269, 282], [272, 273], [272, 275]]}, "LLMClient._call_openrouter": {"executed_lines": [], "summary": {"covered_lines": 0, "num_statements": 9, "percent_covered": 0.0, "percent_covered_display": "0", "missing_lines": 9, "excluded_lines": 0, "num_branches": 2, "num_partial_branches": 0, "covered_branches": 0, "missing_branches": 2}, "missing_lines": [290, 295, 304, 305, 311, 312, 313, 315, 322], "excluded_lines": [], "executed_branches": [], "missing_branches": [[311, 312], [311, 322]]}, "LLMClient._call_local": {"executed_lines": [], "summary": {"covered_lines": 0, "num_statements": 8, "percent_covered": 0.0, "percent_covered_display": "0", "missing_lines": 8, "excluded_lines": 0, "num_branches": 2, "num_partial_branches": 0, "covered_branches": 0, "missing_branches": 2}, "missing_lines": [330, 336, 337, 342, 343, 344, 346, 353], "excluded_lines": [], "executed_branches": [], "missing_branches": [[342, 343], [342, 353]]}, "create_llm_client": {"executed_lines": [], "summary": {"covered_lines": 0, "num_statements": 6, "percent_covered": 0.0, "percent_covered_display": "0", "missing_lines": 6, "excluded_lines": 0, "num_branches": 0, "num_partial_branches": 0, "covered_branches": 0, "missing_branches": 0}, "missing_lines": [370, 371, 372, 373, 374, 375], "excluded_lines": [], "executed_branches": [], "missing_branches": []}, "enhance_with_llm": {"executed_lines": [], "summary": {"covered_lines": 0, "num_statements": 30, "percent_covered": 0.0, "percent_covered_display": "0", "missing_lines": 30, "excluded_lines": 0, "num_branches": 8, "num_partial_branches": 0, "covered_branches": 0, "missing_branches": 8}, "missing_lines": [397, 399, 401, 402, 403, 405, 407, 409, 411, 412, 415, 416, 419, 420, 421, 423, 426, 427, 428, 429, 431, 433, 434, 437, 438, 440, 441, 442, 443, 445], "excluded_lines": [], "executed_branches": [], "missing_branches": [[399, 401], [399, 405], [409, 411], [409, 437], [419, 420], [419, 426], [426, 427], [426, 445]]}, "": {"executed_lines": [], "summary": {"covered_lines": 0, "num_statements": 38, "percent_covered": 0.0, "percent_covered_display": "0", "missing_lines": 38, "excluded_lines": 0, "num_branches": 0, "num_partial_branches": 0, "covered_branches": 0, "missing_branches": 0}, "missing_lines": [8, 9, 10, 11, 12, 13, 14, 16, 19, 22, 24, 25, 26, 29, 30, 32, 33, 34, 35, 36, 39, 47, 58, 66, 76, 83, 87, 108, 129, 149, 179, 203, 222, 245, 288, 328, 360, 379], "excluded_lines": [], "executed_branches": [], "missing_branches": []}}, "classes": {"LLMProvider": {"executed_lines": [], "summary": {"covered_lines": 0, "num_statements": 0, "percent_covered": 100.0, "percent_covered_display": "100", "missing_lines": 0, "excluded_lines": 0, "num_branches": 0, "num_partial_branches": 0, "covered_branches": 0, "missing_branches": 0}, "missing_lines": [], "excluded_lines": [], "executed_branches": [], "missing_branches": []}, "LLMResponse": {"executed_lines": [], "summary": {"covered_lines": 0, "num_statements": 0, "percent_covered": 100.0, "percent_covered_display": "100", "missing_lines": 0, "excluded_lines": 0, "num_branches": 0, "num_partial_branches": 0, "covered_branches": 0, "missing_branches": 0}, "missing_lines": [], "excluded_lines": [], "executed_branches": [], "missing_branches": []}, "LLMClient": {"executed_lines": [], "summary": {"covered_lines": 0, "num_statements": 79, "percent_covered": 0.0, "percent_covered_display": "0", "missing_lines": 79, "excluded_lines": 0, "num_branches": 36, "num_partial_branches": 0, "covered_branches": 0, "missing_branches": 36}, "missing_lines": [48, 49, 50, 51, 53, 54, 56, 60, 61, 62, 63, 64, 68, 69, 70, 71, 72, 73, 74, 78, 80, 81, 85, 98, 99, 105, 106, 119, 120, 126, 127, 139, 140, 146, 147, 151, 181, 205, 224, 225, 226, 227, 228, 229, 230, 232, 237, 238, 239, 248, 250, 251, 260, 261, 267, 268, 269, 270, 272, 273, 275, 282, 290, 295, 304, 305, 311, 312, 313, 315, 322, 330, 336, 337, 342, 343, 344, 346, 353], "excluded_lines": [], "executed_branches": [], "missing_branches": [[53, 54], [53, 56], [60, 61], [60, 62], [62, 63], [62, 64], [68, 69], [68, 70], [70, 71], [70, 72], [72, 73], [72, 74], [78, 80], [78, 81], [98, 99], [98, 105], [119, 120], [119, 126], [139, 140], [139, 146], [225, 226], [225, 227], [227, 228], [227, 229], [229, 230], [229, 232], [267, 268], [267, 282], [269, 270], [269, 282], [272, 273], [272, 275], [311, 312], [311, 322], [342, 343], [342, 353]]}, "": {"executed_lines": [], "summary": {"covered_lines": 0, "num_statements": 74, "percent_covered": 0.0, "percent_covered_display": "0", "missing_lines": 74, "excluded_lines": 0, "num_branches": 8, "num_partial_branches": 0, "covered_branches": 0, "missing_branches": 8}, "missing_lines": [8, 9, 10, 11, 12, 13, 14, 16, 19, 22, 24, 25, 26, 29, 30, 32, 33, 34, 35, 36, 39, 47, 58, 66, 76, 83, 87, 108, 129, 149, 179, 203, 222, 245, 288, 328, 360, 370, 371, 372, 373, 374, 375, 379, 397, 399, 401, 402, 403, 405, 407, 409, 411, 412, 415, 416, 419, 420, 421, 423, 426, 427, 428, 429, 431, 433, 434, 437, 438, 440, 441, 442, 443, 445], "excluded_lines": [], "executed_branches": [], "missing_branches": [[399, 401], [399, 405], [409, 411], [409, 437], [419, 420], [419, 426], [426, 427], [426, 445]]}}}, "mlserver/ainit/templates.py": {"executed_lines": [], "summary": {"covered_lines": 0, "num_statements": 114, "percent_covered": 0.0, "percent_covered_display": "0", "missing_lines": 114, "excluded_lines": 0, "num_branches": 52, "num_partial_branches": 0, "covered_branches": 0, "missing_branches": 52}, "missing_lines": [5, 6, 7, 9, 12, 15, 16, 18, 20, 70, 71, 72, 74, 76, 78, 81, 82, 83, 85, 130, 132, 134, 136, 138, 170, 172, 231, 233, 235, 236, 237, 238, 241, 242, 243, 245, 247, 250, 251, 253, 256, 257, 260, 261, 263, 265, 267, 270, 271, 275, 276, 280, 281, 286, 292, 293, 303, 304, 312, 314, 316, 318, 319, 320, 321, 322, 323, 327, 328, 330, 332, 334, 335, 339, 350, 352, 358, 359, 362, 363, 371, 374, 375, 380, 381, 387, 393, 395, 397, 403, 404, 407, 408, 416, 419, 420, 432, 439, 441, 443, 446, 447, 449, 452, 453, 456, 457, 459, 461, 463, 465, 467, 469, 471], "excluded_lines": [], "executed_branches": [], "missing_branches": [[70, 71], [70, 74], [233, 235], [233, 241], [237, 238], [237, 241], [250, 251], [250, 253], [256, 257], [256, 260], [260, 261], [260, 263], [270, 271], [270, 275], [275, 276], [275, 280], [280, 281], [280, 286], [292, 293], [292, 303], [303, 304], [303, 312], [318, 319], [318, 320], [320, 321], [320, 322], [322, 323], [322, 327], [327, 328], [327, 330], [334, 335], [334, 339], [358, 359], [358, 362], [362, 363], [362, 371], [374, 375], [374, 380], [380, 381], [380, 387], [403, 404], [403, 407], [407, 408], [407, 416], [419, 420], [419, 432], [446, 447], [446, 449], [452, 453], [452, 456], [456, 457], [456, 459]], "functions": {"TemplateGenerator.__init__": {"executed_lines": [], "summary": {"covered_lines": 0, "num_statements": 1, "percent_covered": 0.0, "percent_covered_display": "0", "missing_lines": 1, "excluded_lines": 0, "num_branches": 0, "num_partial_branches": 0, "covered_branches": 0, "missing_branches": 0}, "missing_lines": [16], "excluded_lines": [], "executed_branches": [], "missing_branches": []}, "TemplateGenerator.generate_mlserver_config": {"executed_lines": [], "summary": {"covered_lines": 0, "num_statements": 5, "percent_covered": 0.0, "percent_covered_display": "0", "missing_lines": 5, "excluded_lines": 0, "num_branches": 2, "num_partial_branches": 0, "covered_branches": 0, "missing_branches": 2}, "missing_lines": [20, 70, 71, 72, 74], "excluded_lines": [], "executed_branches": [], "missing_branches": [[70, 71], [70, 74]]}, "TemplateGenerator.generate_predictor_class": {"executed_lines": [], "summary": {"covered_lines": 0, "num_statements": 6, "percent_covered": 0.0, "percent_covered_display": "0", "missing_lines": 6, "excluded_lines": 0, "num_branches": 0, "num_partial_branches": 0, "covered_branches": 0, "missing_branches": 0}, "missing_lines": [78, 81, 82, 83, 85, 130], "excluded_lines": [], "executed_branches": [], "missing_branches": []}, "TemplateGenerator.generate_requirements_txt": {"executed_lines": [], "summary": {"covered_lines": 0, "num_statements": 1, "percent_covered": 0.0, "percent_covered_display": "0", "missing_lines": 1, "excluded_lines": 0, "num_branches": 0, "num_partial_branches": 0, "covered_branches": 0, "missing_branches": 0}, "missing_lines": [134], "excluded_lines": [], "executed_branches": [], "missing_branches": []}, "TemplateGenerator.generate_dockerfile": {"executed_lines": [], "summary": {"covered_lines": 0, "num_statements": 1, "percent_covered": 0.0, "percent_covered_display": "0", "missing_lines": 1, "excluded_lines": 0, "num_branches": 0, "num_partial_branches": 0, "covered_branches": 0, "missing_branches": 0}, "missing_lines": [138], "excluded_lines": [], "executed_branches": [], "missing_branches": []}, "TemplateGenerator.generate_dockerignore": {"executed_lines": [], "summary": {"covered_lines": 0, "num_statements": 1, "percent_covered": 0.0, "percent_covered_display": "0", "missing_lines": 1, "excluded_lines": 0, "num_branches": 0, "num_partial_branches": 0, "covered_branches": 0, "missing_branches": 0}, "missing_lines": [172], "excluded_lines": [], "executed_branches": [], "missing_branches": []}, "TemplateGenerator._generate_class_name": {"executed_lines": [], "summary": {"covered_lines": 0, "num_statements": 8, "percent_covered": 0.0, "percent_covered_display": "0", "missing_lines": 8, "excluded_lines": 0, "num_branches": 4, "num_partial_branches": 0, "covered_branches": 0, "missing_branches": 4}, "missing_lines": [233, 235, 236, 237, 238, 241, 242, 243], "excluded_lines": [], "executed_branches": [], "missing_branches": [[233, 235], [233, 241], [237, 238], [237, 241]]}, "TemplateGenerator._generate_init_signature": {"executed_lines": [], "summary": {"covered_lines": 0, "num_statements": 9, "percent_covered": 0.0, "percent_covered_display": "0", "missing_lines": 9, "excluded_lines": 0, "num_branches": 6, "num_partial_branches": 0, "covered_branches": 0, "missing_branches": 6}, "missing_lines": [247, 250, 251, 253, 256, 257, 260, 261, 263], "excluded_lines": [], "executed_branches": [], "missing_branches": [[250, 251], [250, 253], [256, 257], [256, 260], [260, 261], [260, 263]]}, "TemplateGenerator._generate_init_body": {"executed_lines": [], "summary": {"covered_lines": 0, "num_statements": 13, "percent_covered": 0.0, "percent_covered_display": "0", "missing_lines": 13, "excluded_lines": 0, "num_branches": 10, "num_partial_branches": 0, "covered_branches": 0, "missing_branches": 10}, "missing_lines": [267, 270, 271, 275, 276, 280, 281, 286, 292, 293, 303, 304, 312], "excluded_lines": [], "executed_branches": [], "missing_branches": [[270, 271], [270, 275], [275, 276], [275, 280], [280, 281], [280, 286], [292, 293], [292, 303], [303, 304], [303, 312]]}, "TemplateGenerator._generate_framework_imports": {"executed_lines": [], "summary": {"covered_lines": 0, "num_statements": 10, "percent_covered": 0.0, "percent_covered_display": "0", "missing_lines": 10, "excluded_lines": 0, "num_branches": 8, "num_partial_branches": 0, "covered_branches": 0, "missing_branches": 8}, "missing_lines": [316, 318, 319, 320, 321, 322, 323, 327, 328, 330], "excluded_lines": [], "executed_branches": [], "missing_branches": [[318, 319], [318, 320], [320, 321], [320, 322], [322, 323], [322, 327], [327, 328], [327, 330]]}, "TemplateGenerator._generate_feature_engineering_method": {"executed_lines": [], "summary": {"covered_lines": 0, "num_statements": 3, "percent_covered": 0.0, "percent_covered_display": "0", "missing_lines": 3, "excluded_lines": 0, "num_branches": 2, "num_partial_branches": 0, "covered_branches": 0, "missing_branches": 2}, "missing_lines": [334, 335, 339], "excluded_lines": [], "executed_branches": [], "missing_branches": [[334, 335], [334, 339]]}, "TemplateGenerator._generate_predict_body": {"executed_lines": [], "summary": {"covered_lines": 0, "num_statements": 12, "percent_covered": 0.0, "percent_covered_display": "0", "missing_lines": 12, "excluded_lines": 0, "num_branches": 8, "num_partial_branches": 0, "covered_branches": 0, "missing_branches": 8}, "missing_lines": [352, 358, 359, 362, 363, 371, 374, 375, 380, 381, 387, 393], "excluded_lines": [], "executed_branches": [], "missing_branches": [[358, 359], [358, 362], [362, 363], [362, 371], [374, 375], [374, 380], [380, 381], [380, 387]]}, "TemplateGenerator._generate_predict_proba_body": {"executed_lines": [], "summary": {"covered_lines": 0, "num_statements": 10, "percent_covered": 0.0, "percent_covered_display": "0", "missing_lines": 10, "excluded_lines": 0, "num_branches": 6, "num_partial_branches": 0, "covered_branches": 0, "missing_branches": 6}, "missing_lines": [397, 403, 404, 407, 408, 416, 419, 420, 432, 439], "excluded_lines": [], "executed_branches": [], "missing_branches": [[403, 404], [403, 407], [407, 408], [407, 416], [419, 420], [419, 432]]}, "TemplateGenerator._generate_init_kwargs": {"executed_lines": [], "summary": {"covered_lines": 0, "num_statements": 9, "percent_covered": 0.0, "percent_covered_display": "0", "missing_lines": 9, "excluded_lines": 0, "num_branches": 6, "num_partial_branches": 0, "covered_branches": 0, "missing_branches": 6}, "missing_lines": [443, 446, 447, 449, 452, 453, 456, 457, 459], "excluded_lines": [], "executed_branches": [], "missing_branches": [[446, 447], [446, 449], [452, 453], [452, 456], [456, 457], [456, 459]]}, "TemplateGenerator._extract_model_loading_logic": {"executed_lines": [], "summary": {"covered_lines": 0, "num_statements": 1, "percent_covered": 0.0, "percent_covered_display": "0", "missing_lines": 1, "excluded_lines": 0, "num_branches": 0, "num_partial_branches": 0, "covered_branches": 0, "missing_branches": 0}, "missing_lines": [463], "excluded_lines": [], "executed_branches": [], "missing_branches": []}, "TemplateGenerator._extract_preprocessing_logic": {"executed_lines": [], "summary": {"covered_lines": 0, "num_statements": 1, "percent_covered": 0.0, "percent_covered_display": "0", "missing_lines": 1, "excluded_lines": 0, "num_branches": 0, "num_partial_branches": 0, "covered_branches": 0, "missing_branches": 0}, "missing_lines": [467], "excluded_lines": [], "executed_branches": [], "missing_branches": []}, "TemplateGenerator._extract_prediction_logic": {"executed_lines": [], "summary": {"covered_lines": 0, "num_statements": 1, "percent_covered": 0.0, "percent_covered_display": "0", "missing_lines": 1, "excluded_lines": 0, "num_branches": 0, "num_partial_branches": 0, "covered_branches": 0, "missing_branches": 0}, "missing_lines": [471], "excluded_lines": [], "executed_branches": [], "missing_branches": []}, "": {"executed_lines": [], "summary": {"covered_lines": 0, "num_statements": 22, "percent_covered": 0.0, "percent_covered_display": "0", "missing_lines": 22, "excluded_lines": 0, "num_branches": 0, "num_partial_branches": 0, "covered_branches": 0, "missing_branches": 0}, "missing_lines": [5, 6, 7, 9, 12, 15, 18, 76, 132, 136, 170, 231, 245, 265, 314, 332, 350, 395, 441, 461, 465, 469], "excluded_lines": [], "executed_branches": [], "missing_branches": []}}, "classes": {"TemplateGenerator": {"executed_lines": [], "summary": {"covered_lines": 0, "num_statements": 92, "percent_covered": 0.0, "percent_covered_display": "0", "missing_lines": 92, "excluded_lines": 0, "num_branches": 52, "num_partial_branches": 0, "covered_branches": 0, "missing_branches": 52}, "missing_lines": [16, 20, 70, 71, 72, 74, 78, 81, 82, 83, 85, 130, 134, 138, 172, 233, 235, 236, 237, 238, 241, 242, 243, 247, 250, 251, 253, 256, 257, 260, 261, 263, 267, 270, 271, 275, 276, 280, 281, 286, 292, 293, 303, 304, 312, 316, 318, 319, 320, 321, 322, 323, 327, 328, 330, 334, 335, 339, 352, 358, 359, 362, 363, 371, 374, 375, 380, 381, 387, 393, 397, 403, 404, 407, 408, 416, 419, 420, 432, 439, 443, 446, 447, 449, 452, 453, 456, 457, 459, 463, 467, 471], "excluded_lines": [], "executed_branches": [], "missing_branches": [[70, 71], [70, 74], [233, 235], [233, 241], [237, 238], [237, 241], [250, 251], [250, 253], [256, 257], [256, 260], [260, 261], [260, 263], [270, 271], [270, 275], [275, 276], [275, 280], [280, 281], [280, 286], [292, 293], [292, 303], [303, 304], [303, 312], [318, 319], [318, 320], [320, 321], [320, 322], [322, 323], [322, 327], [327, 328], [327, 330], [334, 335], [334, 339], [358, 359], [358, 362], [362, 363], [362, 371], [374, 375], [374, 380], [380, 381], [380, 387], [403, 404], [403, 407], [407, 408], [407, 416], [419, 420], [419, 432], [446, 447], [446, 449], [452, 453], [452, 456], [456, 457], [456, 459]]}, "": {"executed_lines": [], "summary": {"covered_lines": 0, "num_statements": 22, "percent_covered": 0.0, "percent_covered_display": "0", "missing_lines": 22, "excluded_lines": 0, "num_branches": 0, "num_partial_branches": 0, "covered_branches": 0, "missing_branches": 0}, "missing_lines": [5, 6, 7, 9, 12, 15, 18, 76, 132, 136, 170, 231, 245, 265, 314, 332, 350, 395, 441, 461, 465, 469], "excluded_lines": [], "executed_branches": [], "missing_branches": []}}}, "mlserver/ainit/validation.py": {"executed_lines": [], "summary": {"covered_lines": 0, "num_statements": 246, "percent_covered": 0.0, "percent_covered_display": "0", "missing_lines": 246, "excluded_lines": 4, "num_branches": 96, "num_partial_branches": 0, "covered_branches": 0, "missing_branches": 96}, "missing_lines": [8, 9, 10, 11, 12, 13, 14, 15, 16, 18, 19, 20, 26, 27, 29, 30, 31, 32, 35, 47, 48, 49, 50, 52, 54, 56, 66, 67, 68, 70, 71, 72, 74, 81, 83, 84, 85, 87, 88, 89, 91, 92, 93, 94, 95, 96, 98, 100, 102, 103, 104, 106, 107, 108, 110, 111, 112, 115, 116, 117, 118, 121, 122, 123, 124, 125, 126, 129, 130, 131, 132, 133, 134, 137, 138, 139, 140, 142, 143, 144, 146, 148, 150, 151, 154, 156, 157, 158, 160, 161, 162, 163, 166, 168, 169, 170, 171, 173, 175, 177, 178, 180, 182, 183, 184, 185, 188, 189, 191, 192, 193, 194, 195, 196, 197, 198, 201, 202, 203, 206, 208, 209, 210, 212, 214, 215, 217, 219, 221, 222, 224, 226, 227, 228, 230, 231, 232, 234, 235, 236, 237, 240, 241, 242, 243, 244, 245, 246, 247, 248, 249, 251, 252, 254, 256, 258, 259, 261, 263, 264, 265, 267, 268, 269, 272, 274, 275, 277, 278, 280, 281, 283, 284, 286, 287, 289, 290, 292, 294, 296, 297, 299, 300, 301, 303, 304, 305, 307, 308, 311, 312, 314, 321, 324, 326, 327, 328, 329, 331, 333, 335, 336, 338, 339, 340, 342, 344, 345, 348, 354, 361, 362, 364, 366, 367, 368, 369, 371, 373, 376, 390, 393, 396, 397, 398, 399, 400, 402, 403, 404, 405, 406, 408, 411, 413, 416, 418, 419, 420, 421, 423, 424, 425, 426, 428, 429], "excluded_lines": [21, 22, 23, 414], "executed_branches": [], "missing_branches": [[70, 71], [70, 74], [87, 88], [87, 91], [106, 107], [106, 110], [116, 117], [116, 121], [117, 116], [117, 118], [121, 122], [121, 129], [123, 124], [123, 125], [125, 126], [125, 129], [129, 130], [129, 137], [132, 133], [132, 137], [133, 132], [133, 134], [137, 138], [137, 146], [139, 140], [139, 146], [156, 157], [156, 160], [160, 161], [160, 173], [182, 183], [182, 217], [191, 192], [191, 201], [192, 193], [192, 195], [193, 191], [193, 194], [195, 191], [195, 196], [197, 191], [197, 198], [201, 182], [201, 202], [202, 203], [202, 206], [226, 227], [226, 230], [234, 235], [234, 254], [236, 237], [236, 240], [240, 241], [240, 244], [242, 234], [242, 243], [244, 245], [244, 248], [246, 234], [246, 247], [248, 234], [248, 249], [263, 264], [263, 267], [274, 275], [274, 277], [277, 278], [277, 280], [280, 281], [280, 283], [283, 284], [283, 286], [286, 287], [286, 292], [299, 300], [299, 303], [303, 304], [303, 307], [338, 339], [338, 342], [361, 362], [361, 364], [396, 397], [396, 402], [402, 403], [402, 408], [418, 419], [418, 423], [420, 421], [420, 423], [423, 424], [423, 428], [425, 426], [425, 428], [428, -411], [428, 429]], "functions": {"AinitValidator.__init__": {"executed_lines": [], "summary": {"covered_lines": 0, "num_statements": 3, "percent_covered": 0.0, "percent_covered_display": "0", "missing_lines": 3, "excluded_lines": 0, "num_branches": 0, "num_partial_branches": 0, "covered_branches": 0, "missing_branches": 0}, "missing_lines": [48, 49, 50], "excluded_lines": [], "executed_branches": [], "missing_branches": []}, "AinitValidator.validate_all": {"executed_lines": [], "summary": {"covered_lines": 0, "num_statements": 9, "percent_covered": 0.0, "percent_covered_display": "0", "missing_lines": 9, "excluded_lines": 0, "num_branches": 2, "num_partial_branches": 0, "covered_branches": 0, "missing_branches": 2}, "missing_lines": [54, 56, 66, 67, 68, 70, 71, 72
[...]
s": [[42, 43]]}, "ClassifierVersion.validate_version": {"executed_lines": [49, 51], "summary": {"covered_lines": 2, "num_statements": 3, "percent_covered": 60.0, "percent_covered_display": "60", "missing_lines": 1, "excluded_lines": 0, "num_branches": 2, "num_partial_branches": 1, "covered_branches": 1, "missing_branches": 1}, "missing_lines": [50], "excluded_lines": [], "executed_branches": [[49, 51]], "missing_branches": [[49, 50]]}, "ApiVersion.validate_api_version": {"executed_lines": [75, 77], "summary": {"covered_lines": 2, "num_statements": 3, "percent_covered": 60.0, "percent_covered_display": "60", "missing_lines": 1, "excluded_lines": 0, "num_branches": 2, "num_partial_branches": 1, "covered_branches": 1, "missing_branches": 1}, "missing_lines": [76], "excluded_lines": [], "executed_branches": [[75, 77]], "missing_branches": [[75, 76]]}, "get_git_info": {"executed_lines": [], "summary": {"covered_lines": 0, "num_statements": 15, "percent_covered": 0.0, "percent_covered_display": "0", "missing_lines": 15, "excluded_lines": 0, "num_branches": 0, "num_partial_branches": 0, "covered_branches": 0, "missing_branches": 0}, "missing_lines": [90, 91, 92, 95, 99, 103, 105, 108, 109, 111, 112, 114, 116, 117, 119], "excluded_lines": [], "executed_branches": [], "missing_branches": []}, "get_repository_name": {"executed_lines": [], "summary": {"covered_lines": 0, "num_statements": 8, "percent_covered": 0.0, "percent_covered_display": "0", "missing_lines": 8, "excluded_lines": 1, "num_branches": 4, "num_partial_branches": 0, "covered_branches": 0, "missing_branches": 4}, "missing_lines": [124, 126, 132, 135, 136, 137, 138, 142], "excluded_lines": [139], "executed_branches": [], "missing_branches": [[132, 135], [132, 142], [136, 137], [136, 142]]}, "load_classifier_metadata": {"executed_lines": [], "summary": {"covered_lines": 0, "num_statements": 13, "percent_covered": 0.0, "percent_covered_display": "0", "missing_lines": 13, "excluded_lines": 0, "num_branches": 6, "num_partial_branches": 0, "covered_branches": 0, "missing_branches": 6}, "missing_lines": [148, 149, 150, 151, 153, 155, 161, 164, 165, 166, 167, 168, 171], "excluded_lines": [], "executed_branches": [], "missing_branches": [[149, 150], [149, 164], [153, 155], [153, 164], [165, 166], [165, 171]]}, "save_classifier_metadata": {"executed_lines": [], "summary": {"covered_lines": 0, "num_statements": 3, "percent_covered": 0.0, "percent_covered_display": "0", "missing_lines": 3, "excluded_lines": 0, "num_branches": 0, "num_partial_branches": 0, "covered_branches": 0, "missing_branches": 0}, "missing_lines": [176, 178, 179], "excluded_lines": [], "executed_branches": [], "missing_branches": []}, "generate_container_tags": {"executed_lines": [], "summary": {"covered_lines": 0, "num_statements": 16, "percent_covered": 0.0, "percent_covered_display": "0", "missing_lines": 16, "excluded_lines": 0, "num_branches": 10, "num_partial_branches": 0, "covered_branches": 0, "missing_branches": 10}, "missing_lines": [187, 190, 192, 195, 198, 199, 204, 206, 208, 213, 215, 218, 220, 225, 226, 228], "excluded_lines": [], "executed_branches": [], "missing_branches": [[190, 192], [190, 218], [198, 199], [198, 208], [204, 206], [204, 228], [213, 215], [213, 228], [225, 226], [225, 228]]}, "validate_version_consistency": {"executed_lines": [], "summary": {"covered_lines": 0, "num_statements": 9, "percent_covered": 0.0, "percent_covered_display": "0", "missing_lines": 9, "excluded_lines": 0, "num_branches": 6, "num_partial_branches": 0, "covered_branches": 0, "missing_branches": 6}, "missing_lines": [233, 236, 237, 238, 239, 240, 243, 244, 246], "excluded_lines": [], "executed_branches": [], "missing_branches": [[237, 238], [237, 243], [239, 240], [239, 243], [243, 244], [243, 246]]}, "get_version_info": {"executed_lines": [], "summary": {"covered_lines": 0, "num_statements": 27, "percent_covered": 0.0, "percent_covered_display": "0", "missing_lines": 27, "excluded_lines": 1, "num_branches": 8, "num_partial_branches": 0, "covered_branches": 0, "missing_branches": 8}, "missing_lines": [251, 253, 254, 257, 258, 259, 260, 261, 263, 264, 266, 267, 268, 269, 275, 276, 277, 281, 282, 283, 285, 286, 288, 299, 300, 301, 302], "excluded_lines": [278], "executed_branches": [], "missing_branches": [[258, 259], [258, 281], [267, 268], [267, 281], [268, 269], [268, 275], [281, 282], [281, 285]]}, "": {"executed_lines": [1, 4, 5, 6, 7, 8, 9, 10, 12, 13, 16, 17, 18, 19, 20, 21, 22, 25, 26, 27, 28, 29, 30, 32, 33, 39, 40, 46, 47, 54, 55, 56, 57, 58, 61, 62, 63, 64, 73, 74, 80, 81, 82, 83, 84, 85, 88, 122, 145, 174, 182, 231, 249], "summary": {"covered_lines": 47, "num_statements": 47, "percent_covered": 100.0, "percent_covered_display": "100", "missing_lines": 0, "excluded_lines": 0, "num_branches": 0, "num_partial_branches": 0, "covered_branches": 0, "missing_branches": 0}, "missing_lines": [], "excluded_lines": [], "executed_branches": [], "missing_branches": []}}, "classes": {"GitInfo": {"executed_lines": [], "summary": {"covered_lines": 0, "num_statements": 0, "percent_covered": 100.0, "percent_covered_display": "100", "missing_lines": 0, "excluded_lines": 0, "num_branches": 0, "num_partial_branches": 0, "covered_branches": 0, "missing_branches": 0}, "missing_lines": [], "excluded_lines": [], "executed_branches": [], "missing_branches": []}, "ClassifierVersion": {"executed_lines": [42, 44, 49, 51], "summary": {"covered_lines": 4, "num_statements": 9, "percent_covered": 40.0, "percent_covered_display": "40", "missing_lines": 5, "excluded_lines": 0, "num_branches": 6, "num_partial_branches": 2, "covered_branches": 2, "missing_branches": 4}, "missing_lines": [35, 36, 37, 43, 50], "excluded_lines": [], "executed_branches": [[42, 44], [49, 51]], "missing_branches": [[35, 36], [35, 37], [42, 43], [49, 50]]}, "ModelVersion": {"executed_lines": [], "summary": {"covered_lines": 0, "num_statements": 0, "percent_covered": 100.0, "percent_covered_display": "100", "missing_lines": 0, "excluded_lines": 0, "num_branches": 0, "num_partial_branches": 0, "covered_branches": 0, "missing_branches": 0}, "missing_lines": [], "excluded_lines": [], "executed_branches": [], "missing_branches": []}, "ApiVersion": {"executed_lines": [75, 77], "summary": {"covered_lines": 2, "num_statements": 3, "percent_covered": 60.0, "percent_covered_display": "60", "missing_lines": 1, "excluded_lines": 0, "num_branches": 2, "num_partial_branches": 1, "covered_branches": 1, "missing_branches": 1}, "missing_lines": [76], "excluded_lines": [], "executed_branches": [[75, 77]], "missing_branches": [[75, 76]]}, "ClassifierMetadata": {"executed_lines": [], "summary": {"covered_lines": 0, "num_statements": 0, "percent_covered": 100.0, "percent_covered_display": "100", "missing_lines": 0, "excluded_lines": 0, "num_branches": 0, "num_partial_branches": 0, "covered_branches": 0, "missing_branches": 0}, "missing_lines": [], "excluded_lines": [], "executed_branches": [], "missing_branches": []}, "": {"executed_lines": [1, 4, 5, 6, 7, 8, 9, 10, 12, 13, 16, 17, 18, 19, 20, 21, 22, 25, 26, 27, 28, 29, 30, 32, 33, 39, 40, 46, 47, 54, 55, 56, 57, 58, 61, 62, 63, 64, 73, 74, 80, 81, 82, 83, 84, 85, 88, 122, 145, 174, 182, 231, 249], "summary": {"covered_lines": 47, "num_statements": 138, "percent_covered": 27.325581395348838, "percent_covered_display": "27", "missing_lines": 91, "excluded_lines": 2, "num_branches": 34, "num_partial_branches": 0, "covered_branches": 0, "missing_branches": 34}, "missing_lines": [90, 91, 92, 95, 99, 103, 105, 108, 109, 111, 112, 114, 116, 117, 119, 124, 126, 132, 135, 136, 137, 138, 142, 148, 149, 150, 151, 153, 155, 161, 164, 165, 166, 167, 168, 171, 176, 178, 179, 187, 190, 192, 195, 198, 199, 204, 206, 208, 213, 215, 218, 220, 225, 226, 228, 233, 236, 237, 238, 239, 240, 243, 244, 246, 251, 253, 254, 257, 258, 259, 260, 261, 263, 264, 266, 267, 268, 269, 275, 276, 277, 281, 282, 283, 285, 286, 288, 299, 300, 301, 302], "excluded_lines": [139, 278], "executed_branches": [], "missing_branches": [[132, 135], [132, 142], [136, 137], [136, 142], [149, 150], [149, 164], [153, 155], [153, 164], [165, 166], [165, 171], [190, 192], [190, 218], [198, 199], [198, 208], [204, 206], [204, 228], [213, 215], [213, 228], [225, 226], [225, 228], [237, 238], [237, 243], [239, 240], [239, 243], [243, 244], [243, 246], [258, 259], [258, 281], [267, 268], [267, 281], [268, 269], [268, 275], [281, 282], [281, 285]]}}}, "mlserver/version_control.py": {"executed_lines": [], "summary": {"covered_lines": 0, "num_statements": 200, "percent_covered": 0.0, "percent_covered_display": "0", "missing_lines": 200, "excluded_lines": 1, "num_branches": 72, "num_partial_branches": 0, "covered_branches": 0, "missing_branches": 72}, "missing_lines": [4, 5, 6, 7, 8, 11, 16, 19, 20, 22, 28, 29, 31, 32, 40, 41, 42, 43, 45, 46, 47, 50, 58, 59, 61, 62, 64, 65, 67, 73, 75, 76, 77, 85, 86, 87, 89, 91, 98, 100, 101, 109, 117, 121, 122, 130, 132, 133, 134, 136, 138, 140, 142, 149, 150, 158, 160, 161, 169, 170, 171, 173, 174, 176, 190, 191, 192, 195, 197, 199, 200, 201, 202, 203, 204, 206, 207, 209, 212, 215, 216, 218, 220, 226, 227, 229, 231, 232, 234, 241, 243, 245, 252, 254, 256, 257, 262, 263, 265, 267, 273, 274, 275, 277, 280, 282, 285, 286, 288, 289, 290, 291, 293, 294, 296, 299, 300, 301, 304, 305, 306, 308, 309, 310, 312, 313, 315, 324, 326, 328, 336, 337, 338, 339, 340, 341, 344, 345, 348, 349, 350, 351, 352, 354, 356, 357, 359, 361, 362, 364, 365, 367, 369, 372, 388, 390, 391, 392, 393, 394, 396, 397, 399, 401, 402, 403, 407, 408, 409, 411, 412, 414, 415, 418, 419, 420, 423, 445, 448, 450, 451, 458, 459, 460, 461, 467, 468, 469, 472, 473, 474, 477, 479, 480, 487, 489, 496, 497, 498, 500], "excluded_lines": [13], "executed_branches": [], "missing_branches": [[29, 31], [29, 50], [40, 41], [40, 47], [42, 43], [42, 47], [58, 59], [58, 62], [75, 76], [75, 91], [85, 86], [85, 89], [100, 101], [100, 109], [121, 122], [121, 140], [130, 132], [130, 138], [133, 134], [133, 136], [169, 170], [169, 171], [191, 192], [191, 195], [197, 199], [197, 212], [201, 202], [201, 203], [203, 204], [203, 206], [280, 282], [280, 285], [293, 294], [293, 296], [299, 300], [299, 324], [304, 305], [304, 308], [308, 309], [308, 312], [337, 338], [337, 340], [340, 341], [340, 344], [348, 349], [348, 369], [349, 350], [349, 356], [351, 352], [351, 354], [356, 357], [356, 359], [364, 365], [364, 367], [390, 391], [390, 399], [392, 393], [392, 397], [393, 394], [393, 396], [399, 401], [399, 407], [408, 409], [408, 418], [411, 412], [411, 414], [450, 451], [450, 458], [473, 474], [473, 477], [479, 480], [479, 487]], "functions": {"GitVersionManager.__init__": {"executed_lines": [], "summary": {"covered_lines": 0, "num_statements": 1, "percent_covered": 0.0, "percent_covered_display": "0", "missing_lines": 1, "excluded_lines": 0, "num_branches": 0, "num_partial_branches": 0, "covered_branches": 0, "missing_branches": 0}, "missing_lines": [20], "excluded_lines": [], "executed_branches": [], "missing_branches": []}, "GitVersionManager.get_current_version": {"executed_lines": [], "summary": {"covered_lines": 0, "num_statements": 18, "percent_covered": 0.0, "percent_covered_display": "0", "missing_lines": 18, "excluded_lines": 0, "num_branches": 8, "num_partial_branches": 0, "covered_branches": 0, "missing_branches": 8}, "missing_lines": [28, 29, 31, 32, 40, 41, 42, 43, 45, 46, 47, 50, 58, 59, 61, 62, 64, 65], "excluded_lines": [], "executed_branches": [], "missing_branches": [[29, 31], [29, 50], [40, 41], [40, 47], [42, 43], [42, 47], [58, 59], [58, 62]]}, "GitVersionManager.get_latest_tag_info": {"executed_lines": [], "summary": {"covered_lines": 0, "num_statements": 26, "percent_covered": 0.0, "percent_covered_display": "0", "missing_lines": 26, "excluded_lines": 0, "num_branches": 12, "num_partial_branches": 0, "covered_branches": 0, "missing_branches": 12}, "missing_lines": [73, 75, 76, 77, 85, 86, 87, 89, 91, 98, 100, 101, 109, 117, 121, 122, 130, 132, 133, 134, 136, 138, 140, 142, 149, 150], "excluded_lines": [], "executed_branches": [], "missing_branches": [[75, 76], [75, 91], [85, 86], [85, 89], [100, 101], [100, 109], [121, 122], [121, 140], [130, 132], [130, 138], [133, 134], [133, 136]]}, "GitVersionManager.check_working_directory_clean": {"executed_lines": [], "summary": {"covered_lines": 0, "num_statements": 7, "percent_covered": 0.0, "percent_covered_display": "0", "missing_lines": 7, "excluded_lines": 0, "num_branches": 2, "num_partial_branches": 0, "covered_branches": 0, "missing_branches": 2}, "missing_lines": [160, 161, 169, 170, 171, 173, 174], "excluded_lines": [], "executed_branches": [], "missing_branches": [[169, 170], [169, 171]]}, "GitVersionManager.tag_version": {"executed_lines": [], "summary": {"covered_lines": 0, "num_statements": 24, "percent_covered": 0.0, "percent_covered_display": "0", "missing_lines": 24, "excluded_lines": 0, "num_branches": 8, "num_partial_branches": 0, "covered_branches": 0, "missing_branches": 8}, "missing_lines": [190, 191, 192, 195, 197, 199, 200, 201, 202, 203, 204, 206, 207, 209, 212, 215, 216, 218, 220, 226, 227, 229, 231, 232], "excluded_lines": [], "executed_branches": [], "missing_branches": [[191, 192], [191, 195], [197, 199], [197, 212], [201, 202], [201, 203], [203, 204], [203, 206]]}, "GitVersionManager.check_registry_tag_exists": {"executed_lines": [], "summary": {"covered_lines": 0, "num_statements": 10, "percent_covered": 0.0, "percent_covered_display": "0", "missing_lines": 10, "excluded_lines": 0, "num_branches": 0, "num_partial_branches": 0, "covered_branches": 0, "missing_branches": 0}, "missing_lines": [241, 243, 245, 252, 254, 256, 257, 262, 263, 265], "excluded_lines": [], "executed_branches": [], "missing_branches": []}, "GitVersionManager.get_all_classifiers_tag_status": {"executed_lines": [], "summary": {"covered_lines": 0, "num_statements": 28, "percent_covered": 0.0, "percent_covered_display": "0", "missing_lines": 28, "excluded_lines": 0, "num_branches": 10, "num_partial_branches": 0, "covered_branches": 0, "missing_branches": 10}, "missing_lines": [273, 274, 275, 277, 280, 282, 285, 286, 288, 289, 290, 291, 293, 294, 296, 299, 300, 301, 304, 305, 306, 308, 309, 310, 312, 313, 315, 324], "excluded_lines": [], "executed_branches": [], "missing_branches": [[280, 282], [280, 285], [293, 294], [293, 296], [299, 300], [299, 324], [304, 305], [304, 308], [308, 309], [308, 312]]}, "GitVersionManager.validate_push_readiness": {"executed_lines": [], "summary": {"covered_lines": 0, "num_statements": 24, "percent_covered": 0.0, "percent_covered_display": "0", "missing_lines": 24, "excluded_lines": 0, "num_branches": 14, "num_partial_branches": 0, "covered_branches": 0, "missing_branches": 14}, "missing_lines": [328, 336, 337, 338, 339, 340, 341, 344, 345, 348, 349, 350, 351, 352, 354, 356, 357, 359, 361, 362, 364, 365, 367, 369], "excluded_lines": [], "executed_branches": [], "missing_branches": [[337, 338], [337, 340], [340, 341], [340, 344], [348, 349], [348, 369], [349, 350], [349, 356], [351, 352], [351, 354], [356, 357], [356, 359], [364, 365], [364, 367]]}, "get_version_for_push": {"executed_lines": [], "summary": {"covered_lines": 0, "num_statements": 22, "percent_covered": 0.0, "percent_covered_display": "0", "missing_lines": 22, "excluded_lines": 0, "num_branches": 12, "num_partial_branches": 0, "covered_branches": 0, "missing_branches": 12}, "missing_lines": [388, 390, 391, 392, 393, 394, 396, 397, 399, 401, 402, 403, 407, 408, 409, 411, 412, 414, 415, 418, 419, 420], "excluded_lines": [], "executed_branches": [], "missing_branches": [[390, 391], [390, 399], [392, 393], [392, 397], [393, 394], [393, 396], [399, 401], [399, 407], [408, 409], [408, 418], [411, 412], [411, 414]]}, "safe_push_container": {"executed_lines": [], "summary": {"covered_lines": 0, "num_statements": 23, "percent_covered": 0.0, "percent_covered_display": "0", "missing_lines": 23, "excluded_lines": 0, "num_branches": 6, "num_partial_branches": 0, "covered_branches": 0, "missing_branches": 6}, "missing_lines": [445, 448, 450, 451, 458, 459, 460, 461, 467, 468, 469, 472, 473, 474, 477, 479, 480, 487, 489, 496, 497, 498, 500], "excluded_lines": [], "executed_branches": [], "missing_branches": [[450, 451], [450, 458], [473, 474], [473, 477], [479, 480], [479, 487]]}, "": {"executed_lines": [], "summary": {"covered_lines": 0, "num_statements": 17, "percent_covered": 0.0, "percent_covered_display": "0", "missing_lines": 17, "excluded_lines": 1, "num_branches": 0, "num_partial_branches": 0, "covered_branches": 0, "missing_branches": 0}, "missing_lines": [4, 5, 6, 7, 8, 11, 16, 19, 22, 67, 158, 176, 234, 267, 326, 372, 423], "excluded_lines": [13], "executed_branches": [], "missing_branches": []}}, "classes": {"VersionControlError": {"executed_lines": [], "summary": {"covered_lines": 0, "num_statements": 0, "percent_covered": 100.0, "percent_covered_display": "100", "missing_lines": 0, "excluded_lines": 0, "num_branches": 0, "num_partial_branches": 0, "covered_branches": 0, "missing_branches": 0}, "missing_lines": [], "excluded_lines": [], "executed_branches": [], "missing_branches": []}, "GitVersionManager": {"executed_lines": [], "summary": {"covered_lines": 0, "num_statements": 138, "percent_covered": 0.0, "percent_covered_display": "0", "missing_lines": 138, "excluded_lines": 0, "num_branches": 54, "num_partial_branches": 0, "covered_branches": 0, "missing_branches": 54}, "missing_lines": [20, 28, 29, 31, 32, 40, 41, 42, 43, 45, 46, 47, 50, 58, 59, 61, 62, 64, 65, 73, 75, 76, 77, 85, 86, 87, 89, 91, 98, 100, 101, 109, 117, 121, 122, 130, 132, 133, 134, 136, 138, 140, 142, 149, 150, 160, 161, 169, 170, 171, 173, 174, 190, 191, 192, 195, 197, 199, 200, 201, 202, 203, 204, 206, 207, 209, 212, 215, 216, 218, 220, 226, 227, 229, 231, 232, 241, 243, 245, 252, 254, 256, 257, 262, 263, 265, 273, 274, 275, 277, 280, 282, 285, 286, 288, 289, 290, 291, 293, 294, 296, 299, 300, 301, 304, 305, 306, 308, 309, 310, 312, 313, 315, 324, 328, 336, 337, 338, 339, 340, 341, 344, 345, 348, 349, 350, 351, 352, 354, 356, 357, 359, 361, 362, 364, 365, 367, 369], "excluded_lines": [], "executed_branches": [], "missing_branches": [[29, 31], [29, 50], [40, 41], [40, 47], [42, 43], [42, 47], [58, 59], [58, 62], [75, 76], [75, 91], [85, 86], [85, 89], [100, 101], [100, 109], [121, 122], [121, 140], [130, 132], [130, 138], [133, 134], [133, 136], [169, 170], [169, 171], [191, 192], [191, 195], [197, 199], [197, 212], [201, 202], [201, 203], [203, 204], [203, 206], [280, 282], [280, 285], [293, 294], [293, 296], [299, 300], [299, 324], [304, 305], [304, 308], [308, 309], [308, 312], [337, 338], [337, 340], [340, 341], [340, 344], [348, 349], [348, 369], [349, 350], [349, 356], [351, 352], [351, 354], [356, 357], [356, 359], [364, 365], [364, 367]]}, "": {"executed_lines": [], "summary": {"covered_lines": 0, "num_statements": 62, "percent_covered": 0.0, "percent_covered_display": "0", "missing_lines": 62, "excluded_lines": 1, "num_branches": 18, "num_partial_branches": 0, "covered_branches": 0, "missing_branches": 18}, "missing_lines": [4, 5, 6, 7, 8, 11, 16, 19, 22, 67, 158, 176, 234, 267, 326, 372, 388, 390, 391, 392, 393, 394, 396, 397, 399, 401, 402, 403, 407, 408, 409, 411, 412, 414, 415, 418, 419, 420, 423, 445, 448, 450, 451, 458, 459, 460, 461, 467, 468, 469, 472, 473, 474, 477, 479, 480, 487, 489, 496, 497, 498, 500], "excluded_lines": [13], "executed_branches": [], "missing_branches": [[390, 391], [390, 399], [392, 393], [392, 397], [393, 394], [393, 396], [399, 401], [399, 407], [408, 409], [408, 418], [411, 412], [411, 414], [450, 451], [450, 458], [473, 474], [473, 477], [479, 480], [479, 487]]}}}}, "totals": {"covered_lines": 456, "num_statements": 3688, "percent_covered": 9.774436090225564, "percent_covered_display": "10", "missing_lines": 3232, "excluded_lines": 47, "num_branches": 1366, "num_partial_branches": 18, "covered_branches": 38, "missing_branches": 1328}}